#
# A fatal error has been detected by the Java Runtime Environment:
#
#  SIGSEGV (0xb) at pc=0x00007f906beb982f, pid=15434, tid=15454
#
# JRE version: OpenJDK Runtime Environment (17.0.1+12) (build 17.0.1+12-39)
# Java VM: OpenJDK 64-Bit Server VM (17.0.1+12-39, mixed mode, sharing, tiered, compressed oops, compressed class ptrs, g1 gc, linux-amd64)
# Problematic frame:
# V  [libjvm.so+0x52f82f]  ciObjectFactory::create_new_metadata(Metadata*)+0x2f
#
# Core dump will be written. Default location: Core dumps may be processed with "/usr/lib/systemd/systemd-coredump %P %u %g %s %t %c %h" (or dumping to /home/domenicolorenti/Documents/GitHub/Directbus/core.15434)
#
# If you would like to submit a bug report, please visit:
#   https://bugreport.java.com/bugreport/crash.jsp
#

---------------  S U M M A R Y ------------

Command Line: -Dfile.encoding=UTF-8 -XX:+ShowCodeDetailsInExceptionMessages com.directbus.DirectBusApplication

Host: AMD Ryzen 5 2500U with Radeon Vega Mobile Gfx, 8 cores, 6G, Fedora release 35 (Thirty Five)
Time: Mon Jan 10 16:42:09 2022 CET elapsed time: 1029.829907 seconds (0d 0h 17m 9s)

---------------  T H R E A D  ---------------

Current thread (0x00007f9064119010):  JavaThread "C1 CompilerThread0" daemon [_thread_in_vm, id=15454, stack(0x00007f9048500000,0x00007f9048600000)]


Current CompileTask:
C1:1029829 5148   !   3       org.springframework.beans.factory.support.AbstractAutowireCapableBeanFactory::getTypeForFactoryMethod (544 bytes)

Stack: [0x00007f9048500000,0x00007f9048600000],  sp=0x00007f90485fdd00,  free space=1015k
Native frames: (J=compiled Java code, j=interpreted, Vv=VM code, C=native code)
V  [libjvm.so+0x52f82f]  ciObjectFactory::create_new_metadata(Metadata*)+0x2f
V  [libjvm.so+0x52faf0]  ciObjectFactory::get_metadata(Metadata*)+0x60
V  [libjvm.so+0x5227f4]  ciMethod::ensure_method_data(methodHandle const&)+0x94
V  [libjvm.so+0x52698b]  ciMethod::ensure_method_data()+0x16b
V  [libjvm.so+0x458ae7]  GraphBuilder::try_inline_full(ciMethod*, bool, bool, Bytecodes::Code, Instruction*)+0x197
V  [libjvm.so+0x45492d]  GraphBuilder::try_inline(ciMethod*, bool, bool, Bytecodes::Code, Instruction*)+0x19d
V  [libjvm.so+0x45544a]  GraphBuilder::invoke(Bytecodes::Code)+0xaca
V  [libjvm.so+0x45632b]  GraphBuilder::iterate_bytecodes_for_block(int)+0x5bb
V  [libjvm.so+0x4588fd]  GraphBuilder::iterate_all_blocks(bool)+0x6d
V  [libjvm.so+0x45aa06]  GraphBuilder::GraphBuilder(Compilation*, IRScope*)+0x2e6
V  [libjvm.so+0x45fc92]  IRScope::IRScope(Compilation*, IRScope*, int, ciMethod*, int, bool)+0x1a2
V  [libjvm.so+0x45fd53]  IR::IR(Compilation*, ciMethod*, int)+0xa3
V  [libjvm.so+0x439fb3]  Compilation::build_hir() [clone .part.0]+0x163
V  [libjvm.so+0x43bc8c]  Compilation::compile_java_method()+0x3bc
V  [libjvm.so+0x43bdfa]  Compilation::compile_method()+0x10a
V  [libjvm.so+0x43c1d3]  Compilation::Compilation(AbstractCompiler*, ciEnv*, ciMethod*, int, BufferBlob*, bool, DirectiveSet*)+0x203
V  [libjvm.so+0x43cc40]  Compiler::compile_method(ciEnv*, ciMethod*, int, bool, DirectiveSet*)+0xb0
V  [libjvm.so+0x5abe61]  CompileBroker::invoke_compiler_on_method(CompileTask*)+0xd81
V  [libjvm.so+0x5ac9f8]  CompileBroker::compiler_thread_loop()+0x4b8
V  [libjvm.so+0xd8e8f0]  JavaThread::thread_main_inner()+0xd0
V  [libjvm.so+0xd91f7e]  Thread::call_run()+0xde
V  [libjvm.so+0xbe8291]  thread_native_entry(Thread*)+0xe1


siginfo: si_signo: 11 (SIGSEGV), si_code: 1 (SEGV_MAPERR), si_addr: 0x0000000000000008

Register to memory mapping:

RAX=0x0 is NULL
RBX=0x00007f9064119010 is a thread
RCX=0x00007f9000000d00 points into unknown readable memory: 0xfffffffffffffffe | fe ff ff ff ff ff ff ff
RDX=0x00007f906cbf34e0 points into unknown readable memory: 0x0000000000000040 | 40 00 00 00 00 00 00 00
RSP=0x00007f90485fdd00 is pointing into the stack for thread: 0x00007f9064119010
RBP=0x00007f90485fdd30 is pointing into the stack for thread: 0x00007f9064119010
RSI=0x00007f906411a270 points into unknown readable memory: 0x0000000000000003 | 03 00 00 00 00 00 00 00
RDI=0x00007f9015faeef0 is pointing into metadata
R8 =0x0 is NULL
R9 =0x0 is NULL
R10=0x00007f8fe8102f90 points into unknown readable memory: 0x6168001cc2340006 | 06 00 34 c2 1c 00 68 61
R11=0x0000000800445160 is pointing into metadata
R12=0x00007f9015faeef0 is pointing into metadata
R13=0x00007f8fe809efe0 points into unknown readable memory: 0x00007f90485fe998 | 98 e9 5f 48 90 7f 00 00
R14=0x00007f9015faeef0 is pointing into metadata
R15=0x00000000000000aa is an unknown value


Registers:
RAX=0x0000000000000000, RBX=0x00007f9064119010, RCX=0x00007f9000000d00, RDX=0x00007f906cbf34e0
RSP=0x00007f90485fdd00, RBP=0x00007f90485fdd30, RSI=0x00007f906411a270, RDI=0x00007f9015faeef0
R8 =0x0000000000000000, R9 =0x0000000000000000, R10=0x00007f8fe8102f90, R11=0x0000000800445160
R12=0x00007f9015faeef0, R13=0x00007f8fe809efe0, R14=0x00007f9015faeef0, R15=0x00000000000000aa
RIP=0x00007f906beb982f, EFLAGS=0x0000000000010206, CSGSFS=0x002b000000000033, ERR=0x0000000000000004
  TRAPNO=0x000000000000000e

Top of Stack: (sp=0x00007f90485fdd00)
0x00007f90485fdd00:   00007f9064118f40 00007f901583b600
0x00007f90485fdd10:   000000000000009f 00007f9015faeef0
0x00007f90485fdd20:   00007f8fe809efe0 00007f9015faeef0
0x00007f90485fdd30:   00007f90485fdd70 00007f906beb9af0 

Instructions: (pc=0x00007f906beb982f)
0x00007f906beb972f:   48 83 ec 08 8b 57 68 85 d2 7e 3e 48 8b 47 70 83
0x00007f906beb973f:   ea 01 48 8d 54 d0 08 eb 11 0f 1f 84 00 00 00 00
0x00007f906beb974f:   00 48 83 c0 08 48 39 c2 74 1f 4c 8b 20 45 3b 6c
0x00007f906beb975f:   24 1c 75 ed 48 83 c4 08 4c 89 e0 5b 41 5c 41 5d
0x00007f906beb976f:   5d c3 0f 1f 80 00 00 00 00 48 8b 33 bf 20 00 00
0x00007f906beb977f:   00 e8 8b e9 e6 ff 49 89 c4 48 85 c0 74 0b 44 89
0x00007f906beb978f:   ee 48 89 c7 e8 38 6a 00 00 8b b3 98 00 00 00 4c
0x00007f906beb979f:   89 e7 8d 46 01 89 83 98 00 00 00 e8 51 53 fe ff
0x00007f906beb97af:   48 63 73 68 3b 73 6c 74 20 8d 46 01 89 43 68 48
0x00007f906beb97bf:   8b 43 70 4c 89 24 f0 48 83 c4 08 4c 89 e0 5b 41
0x00007f906beb97cf:   5c 41 5d 5d c3 0f 1f 40 00 48 8d 7b 68 e8 bf 2d
0x00007f906beb97df:   00 00 48 63 73 68 8d 46 01 89 43 68 48 8b 43 70
0x00007f906beb97ef:   4c 89 24 f0 eb d1 90 66 2e 0f 1f 84 00 00 00 00
0x00007f906beb97ff:   00 55 48 89 e5 41 56 41 55 49 89 fd 41 54 49 89
0x00007f906beb980f:   f4 53 48 83 ec 10 66 48 8d 3d c3 bc ca 00 66 66
0x00007f906beb981f:   48 e8 5b 5a d1 ff 4c 89 e7 48 8b 18 49 8b 04 24
0x00007f906beb982f:   ff 50 08 84 c0 0f 84 8e 00 00 00 41 8b 44 24 08
0x00007f906beb983f:   85 c0 7f 4d 3d 00 00 00 c0 0f 8c b2 01 00 00 3d
0x00007f906beb984f:   ff ff ff bf 0f 86 d7 01 00 00 49 8b 75 00 bf 30
0x00007f906beb985f:   00 00 00 e8 a9 e8 e6 ff 49 89 c5 48 85 c0 74 42
0x00007f906beb986f:   4c 89 e6 48 89 c7 e8 b6 6d 00 00 48 83 c4 10 4c
0x00007f906beb987f:   89 e8 5b 41 5c 41 5d 41 5e 5d c3 66 0f 1f 44 00
0x00007f906beb988f:   00 49 8b 75 00 bf 90 00 00 00 e8 72 e8 e6 ff 49
0x00007f906beb989f:   89 c5 48 85 c0 74 0b 4c 89 e6 48 89 c7 e8 1f cb
0x00007f906beb98af:   fe ff 48 83 c4 10 4c 89 e8 5b 41 5c 41 5d 41 5e
0x00007f906beb98bf:   5d c3 0f 1f 80 00 00 00 00 49 8b 04 24 4c 89 e7
0x00007f906beb98cf:   ff 50 10 84 c0 0f 84 a6 00 00 00 66 49 0f 6e c4
0x00007f906beb98df:   66 48 0f 6e cb 66 0f 6c c1 0f 29 45 d0 4d 85 e4
0x00007f906beb98ef:   74 26 4c 8b b3 40 02 00 00 49 63 36 41 3b 76 04
0x00007f906beb98ff:   0f 84 6b 01 00 00 8d 46 01 41 89 06 49 8b 46 08
0x00007f906beb990f:   4c 89 24 f0 4c 8b 65 d0 49 8b 44 24 08 48 8b 93
0x00007f906beb991f:   70 05 00 00 48 8b 40 08 4c 8b 60 18 4d 85 e4 74 


Stack slot to memory mapping:
stack at sp + 0 slots: 0x00007f9064118f40 points into unknown readable memory: 0x0000001e00000002 | 02 00 00 00 1e 00 00 00
stack at sp + 1 slots: {method} {0x00007f901583b600} 'hasConstructorArgumentValues' '()Z' in 'org/springframework/beans/factory/support/AbstractBeanDefinition'
stack at sp + 2 slots: 0x000000000000009f is an unknown value
stack at sp + 3 slots: 0x00007f9015faeef0 is pointing into metadata
stack at sp + 4 slots: 0x00007f8fe809efe0 points into unknown readable memory: 0x00007f90485fe998 | 98 e9 5f 48 90 7f 00 00
stack at sp + 5 slots: 0x00007f9015faeef0 is pointing into metadata
stack at sp + 6 slots: 0x00007f90485fdd70 is pointing into the stack for thread: 0x00007f9064119010
stack at sp + 7 slots: 0x00007f906beb9af0: <offset 0x000000000052faf0> in /usr/java/openjdk/jdk-17.0.1/lib/server/libjvm.so at 0x00007f906b98a000


---------------  P R O C E S S  ---------------

Threads class SMR info:
_java_thread_list=0x00007f8fe89328c0, length=16, elements={
0x00007f906410d460, 0x00007f906410e840, 0x00007f9064113970, 0x00007f9064114d20,
0x00007f9064116130, 0x00007f9064117ae0, 0x00007f9064119010, 0x00007f9064122470,
0x00007f906412a110, 0x00007f906412d800, 0x00007f8fe8a49080, 0x00007f9064025620,
0x00007f8fb8004030, 0x00007f8f8c0542d0, 0x00007f90005930e0, 0x00007f900015b560
}

Java Threads: ( => current thread )
  0x00007f906410d460 JavaThread "Reference Handler" daemon [_thread_blocked, id=15448, stack(0x00007f9048b00000,0x00007f9048c00000)]
  0x00007f906410e840 JavaThread "Finalizer" daemon [_thread_blocked, id=15449, stack(0x00007f9048a00000,0x00007f9048b00000)]
  0x00007f9064113970 JavaThread "Signal Dispatcher" daemon [_thread_blocked, id=15450, stack(0x00007f9048900000,0x00007f9048a00000)]
  0x00007f9064114d20 JavaThread "Service Thread" daemon [_thread_blocked, id=15451, stack(0x00007f9048800000,0x00007f9048900000)]
  0x00007f9064116130 JavaThread "Monitor Deflation Thread" daemon [_thread_blocked, id=15452, stack(0x00007f9048700000,0x00007f9048800000)]
  0x00007f9064117ae0 JavaThread "C2 CompilerThread0" daemon [_thread_in_native, id=15453, stack(0x00007f9048600000,0x00007f9048700000)]
=>0x00007f9064119010 JavaThread "C1 CompilerThread0" daemon [_thread_in_vm, id=15454, stack(0x00007f9048500000,0x00007f9048600000)]
  0x00007f9064122470 JavaThread "Sweeper thread" daemon [_thread_blocked, id=15455, stack(0x00007f9048400000,0x00007f9048500000)]
  0x00007f906412a110 JavaThread "Notification Thread" daemon [_thread_blocked, id=15456, stack(0x00007f9048300000,0x00007f9048400000)]
  0x00007f906412d800 JavaThread "Common-Cleaner" daemon [_thread_blocked, id=15458, stack(0x00007f90480fe000,0x00007f90481fe000)]
  0x00007f8fe8a49080 JavaThread "Live Reload Server" daemon [_thread_in_native, id=15478, stack(0x00007f9014100000,0x00007f9014200000)]
  0x00007f9064025620 JavaThread "DestroyJavaVM" [_thread_blocked, id=15441, stack(0x00007f906b7a9000,0x00007f906b8a9000)]
  0x00007f8fb8004030 JavaThread "Thread-5" [_thread_blocked, id=16698, stack(0x00007f8faef00000,0x00007f8faf000000)]
  0x00007f8f8c0542d0 JavaThread "restartedMain" [_thread_in_vm, id=16700, stack(0x00007f90162c6000,0x00007f90163c6000)]
  0x00007f90005930e0 JavaThread "C2 CompilerThread1" daemon [_thread_in_native, id=16701, stack(0x00007f9014dfe000,0x00007f9014efe000)]
  0x00007f900015b560 JavaThread "C2 CompilerThread2" daemon [_thread_in_native, id=16702, stack(0x00007f9014cfe000,0x00007f9014dfe000)]

Other Threads:
  0x00007f9064109540 VMThread "VM Thread" [stack: 0x00007f9049426000,0x00007f9049526000] [id=15447]
  0x00007f906412ba50 WatcherThread [stack: 0x00007f9048200000,0x00007f9048300000] [id=15457]
  0x00007f9064061370 GCTaskThread "GC Thread#0" [stack: 0x00007f90686fe000,0x00007f90687fe000] [id=15442]
  0x00007f902c005f20 GCTaskThread "GC Thread#1" [stack: 0x00007f90167d0000,0x00007f90168d0000] [id=15461]
  0x00007f902c006950 GCTaskThread "GC Thread#2" [stack: 0x00007f90166ce000,0x00007f90167ce000] [id=15462]
  0x00007f902c007380 GCTaskThread "GC Thread#3" [stack: 0x00007f90165cc000,0x00007f90166cc000] [id=15463]
  0x00007f902c007db0 GCTaskThread "GC Thread#4" [stack: 0x00007f90164ca000,0x00007f90165ca000] [id=15464]
  0x00007f902c008bd0 GCTaskThread "GC Thread#5" [stack: 0x00007f90163c8000,0x00007f90164c8000] [id=15465]
  0x00007f902c00ccc0 GCTaskThread "GC Thread#6" [stack: 0x00007f90161c6000,0x00007f90162c6000] [id=15467]
  0x00007f902c00d3a0 GCTaskThread "GC Thread#7" [stack: 0x00007f90160c4000,0x00007f90161c4000] [id=15468]
  0x00007f9064070080 ConcurrentGCThread "G1 Main Marker" [stack: 0x00007f90685fc000,0x00007f90686fc000] [id=15443]
  0x00007f9064070f70 ConcurrentGCThread "G1 Conc#0" [stack: 0x00007f90684fa000,0x00007f90685fa000] [id=15444]
  0x00007f903c000ea0 ConcurrentGCThread "G1 Conc#1" [stack: 0x00007f9014f00000,0x00007f9015000000] [id=15471]
  0x00007f90640dbf00 ConcurrentGCThread "G1 Refine#0" [stack: 0x00007f904977b000,0x00007f904987b000] [id=15445]
  0x00007f90640dcdf0 ConcurrentGCThread "G1 Service" [stack: 0x00007f9049679000,0x00007f9049779000] [id=15446]

Threads with active compile tasks:
C2 CompilerThread0  1029840 5032       4       org.springframework.boot.context.properties.source.SpringConfigurationPropertySources$SourcesIterator::fetchNext (138 bytes)
C1 CompilerThread0  1029840 5148   !   3       org.springframework.beans.factory.support.AbstractAutowireCapableBeanFactory::getTypeForFactoryMethod (544 bytes)
C2 CompilerThread1  1029840 5115       4       org.springframework.beans.factory.support.AbstractBeanFactory::isTypeMatch (607 bytes)
C2 CompilerThread2  1029840 5118       4       org.springframework.core.ResolvableType::isInstance (21 bytes)

VM state: not at safepoint (normal execution)

VM Mutex/Monitor currently owned by a thread: None

Heap address: 0x0000000094400000, size: 1724 MB, Compressed Oops mode: 32-bit

CDS archive(s) mapped at: [0x0000000800000000-0x0000000800bda000-0x0000000800bda000), size 12427264, SharedBaseAddress: 0x0000000800000000, ArchiveRelocationMode: 0.
Compressed class space mapped at: 0x0000000800c00000-0x0000000840c00000, reserved size: 1073741824
Narrow klass base: 0x0000000800000000, Narrow klass shift: 0, Narrow klass range: 0x100000000

GC Precious Log:
 CPUs: 8 total, 8 available
 Memory: 6895M
 Large Page Support: Disabled
 NUMA Support: Disabled
 Compressed Oops: Enabled (32-bit)
 Heap Region Size: 1M
 Heap Min Capacity: 8M
 Heap Initial Capacity: 108M
 Heap Max Capacity: 1724M
 Pre-touch: Disabled
 Parallel Workers: 8
 Concurrent Workers: 2
 Concurrent Refinement Workers: 8
 Periodic GC: Disabled

Heap:
 garbage-first heap   total 48128K, used 29768K [0x0000000094400000, 0x0000000100000000)
  region size 1024K, 16 young (16384K), 0 survivors (0K)
 Metaspace       used 39319K, committed 39680K, reserved 1089536K
  class space    used 4492K, committed 4672K, reserved 1048576K

Heap Regions: E=young(eden), S=young(survivor), O=old, HS=humongous(starts), HC=humongous(continues), CS=collection set, F=free, OA=open archive, CA=closed archive, TAMS=top-at-mark-start (previous, next)
|   0|0x0000000094400000, 0x0000000094500000, 0x0000000094500000|100%| O|  |TAMS 0x0000000094500000, 0x0000000094400000| Untracked 
|   1|0x0000000094500000, 0x0000000094600000, 0x0000000094600000|100%| O|  |TAMS 0x0000000094500000, 0x0000000094500000| Untracked 
|   2|0x0000000094600000, 0x0000000094700000, 0x0000000094700000|100%| O|  |TAMS 0x0000000094700000, 0x0000000094600000| Untracked 
|   3|0x0000000094700000, 0x0000000094800000, 0x0000000094800000|100%| O|  |TAMS 0x0000000094800000, 0x0000000094700000| Untracked 
|   4|0x0000000094800000, 0x00000000948fffc8, 0x0000000094900000| 99%| O|  |TAMS 0x0000000094800000, 0x0000000094800000| Untracked 
|   5|0x0000000094900000, 0x0000000094a00000, 0x0000000094a00000|100%| O|  |TAMS 0x0000000094900000, 0x0000000094900000| Untracked 
|   6|0x0000000094a00000, 0x0000000094afffe8, 0x0000000094b00000| 99%| O|  |TAMS 0x0000000094a00000, 0x0000000094a00000| Untracked 
|   7|0x0000000094b00000, 0x0000000094c00000, 0x0000000094c00000|100%| O|  |TAMS 0x0000000094c00000, 0x0000000094b00000| Untracked 
|   8|0x0000000094c00000, 0x0000000094cfffe8, 0x0000000094d00000| 99%| O|  |TAMS 0x0000000094c00000, 0x0000000094c00000| Untracked 
|   9|0x0000000094d00000, 0x0000000094df8288, 0x0000000094e00000| 96%| O|  |TAMS 0x0000000094d00000, 0x0000000094d00000| Untracked 
|  10|0x0000000094e00000, 0x0000000094efffd8, 0x0000000094f00000| 99%| O|  |TAMS 0x0000000094e00000, 0x0000000094e00000| Untracked 
|  11|0x0000000094f00000, 0x0000000094fb7bf8, 0x0000000095000000| 71%| O|  |TAMS 0x0000000094f00000, 0x0000000094f00000| Untracked 
|  12|0x0000000095000000, 0x00000000950ffff8, 0x0000000095100000| 99%| O|  |TAMS 0x0000000095000000, 0x0000000095000000| Untracked 
|  13|0x0000000095100000, 0x00000000951993e8, 0x0000000095200000| 59%| O|  |TAMS 0x0000000095100000, 0x0000000095100000| Untracked 
|  14|0x0000000095200000, 0x0000000095200000, 0x0000000095300000|  0%| F|  |TAMS 0x0000000095200000, 0x0000000095200000| Untracked 
|  15|0x0000000095300000, 0x0000000095393ed0, 0x0000000095400000| 57%| O|  |TAMS 0x0000000095300000, 0x0000000095300000| Untracked 
|  16|0x0000000095400000, 0x000000009543d198, 0x0000000095500000| 23%| O|  |TAMS 0x0000000095400000, 0x0000000095400000| Untracked 
|  17|0x0000000095500000, 0x0000000095500000, 0x0000000095600000|  0%| F|  |TAMS 0x0000000095500000, 0x0000000095500000| Untracked 
|  18|0x0000000095600000, 0x0000000095600000, 0x0000000095700000|  0%| F|  |TAMS 0x0000000095600000, 0x0000000095600000| Untracked 
|  19|0x0000000095700000, 0x0000000095700000, 0x0000000095800000|  0%| F|  |TAMS 0x0000000095700000, 0x0000000095700000| Untracked 
|  20|0x0000000095800000, 0x0000000095800000, 0x0000000095900000|  0%| F|  |TAMS 0x0000000095800000, 0x0000000095800000| Untracked 
|  21|0x0000000095900000, 0x0000000095900000, 0x0000000095a00000|  0%| F|  |TAMS 0x0000000095900000, 0x0000000095900000| Untracked 
|  22|0x0000000095a00000, 0x0000000095a00000, 0x0000000095b00000|  0%| F|  |TAMS 0x0000000095a00000, 0x0000000095a00000| Untracked 
|  23|0x0000000095b00000, 0x0000000095b00000, 0x0000000095c00000|  0%| F|  |TAMS 0x0000000095b00000, 0x0000000095b00000| Untracked 
|  24|0x0000000095c00000, 0x0000000095c00000, 0x0000000095d00000|  0%| F|  |TAMS 0x0000000095c00000, 0x0000000095c00000| Untracked 
|  25|0x0000000095d00000, 0x0000000095d00000, 0x0000000095e00000|  0%| F|  |TAMS 0x0000000095d00000, 0x0000000095d00000| Untracked 
|  26|0x0000000095e00000, 0x0000000095e00000, 0x0000000095f00000|  0%| F|  |TAMS 0x0000000095e00000, 0x0000000095e00000| Untracked 
|  27|0x0000000095f00000, 0x0000000095f00000, 0x0000000096000000|  0%| F|  |TAMS 0x0000000095f00000, 0x0000000095f00000| Untracked 
|  28|0x0000000096000000, 0x0000000096000000, 0x0000000096100000|  0%| F|  |TAMS 0x0000000096000000, 0x0000000096000000| Untracked 
|  29|0x0000000096100000, 0x00000000961d2088, 0x0000000096200000| 82%| E|  |TAMS 0x0000000096100000, 0x0000000096100000| Complete 
|  30|0x0000000096200000, 0x0000000096300000, 0x0000000096300000|100%| E|CS|TAMS 0x0000000096200000, 0x0000000096200000| Complete 
|  31|0x0000000096300000, 0x0000000096400000, 0x0000000096400000|100%| E|CS|TAMS 0x0000000096300000, 0x0000000096300000| Complete 
|  32|0x0000000096400000, 0x0000000096500000, 0x0000000096500000|100%| E|CS|TAMS 0x0000000096400000, 0x0000000096400000| Complete 
|  33|0x0000000096500000, 0x0000000096600000, 0x0000000096600000|100%| E|CS|TAMS 0x0000000096500000, 0x0000000096500000| Complete 
|  34|0x0000000096600000, 0x0000000096700000, 0x0000000096700000|100%| E|CS|TAMS 0x0000000096600000, 0x0000000096600000| Complete 
|  35|0x0000000096700000, 0x0000000096800000, 0x0000000096800000|100%| E|CS|TAMS 0x0000000096700000, 0x0000000096700000| Complete 
|  36|0x0000000096800000, 0x0000000096900000, 0x0000000096900000|100%| E|  |TAMS 0x0000000096800000, 0x0000000096800000| Complete 
|  37|0x0000000096900000, 0x0000000096a00000, 0x0000000096a00000|100%| E|CS|TAMS 0x0000000096900000, 0x0000000096900000| Complete 
|  50|0x0000000097600000, 0x0000000097700000, 0x0000000097700000|100%| E|CS|TAMS 0x0000000097600000, 0x0000000097600000| Complete 
|  51|0x0000000097700000, 0x0000000097800000, 0x0000000097800000|100%| E|CS|TAMS 0x0000000097700000, 0x0000000097700000| Complete 
|  52|0x0000000097800000, 0x0000000097900000, 0x0000000097900000|100%| E|CS|TAMS 0x0000000097800000, 0x0000000097800000| Complete 
|  53|0x0000000097900000, 0x0000000097a00000, 0x0000000097a00000|100%| E|CS|TAMS 0x0000000097900000, 0x0000000097900000| Complete 
|  54|0x0000000097a00000, 0x0000000097b00000, 0x0000000097b00000|100%| E|CS|TAMS 0x0000000097a00000, 0x0000000097a00000| Complete 
|  55|0x0000000097b00000, 0x0000000097c00000, 0x0000000097c00000|100%| E|CS|TAMS 0x0000000097b00000, 0x0000000097b00000| Complete 
| 107|0x000000009af00000, 0x000000009b000000, 0x000000009b000000|100%| E|CS|TAMS 0x000000009af00000, 0x000000009af00000| Complete 
|1722|0x00000000ffe00000, 0x00000000ffe76000, 0x00000000fff00000| 46%|OA|  |TAMS 0x00000000ffe76000, 0x00000000ffe00000| Untracked 
|1723|0x00000000fff00000, 0x00000000fff82000, 0x0000000100000000| 50%|CA|  |TAMS 0x00000000fff82000, 0x00000000fff00000| Untracked 

Card table byte_map: [0x00007f906a6bc000,0x00007f906aa1a000] _byte_map_base: 0x00007f906a21a000

Marking Bits (Prev, Next): (CMBitMap*) 0x00007f9064061dc0, (CMBitMap*) 0x00007f9064061d80
 Prev Bits: [0x00007f904bc7f000, 0x00007f904d76f000)
 Next Bits: [0x00007f906886e000, 0x00007f906a35e000)

Polling page: 0x00007f906ce40000

Metaspace:

Usage:
  Non-class:     34.01 MB used.
      Class:      4.39 MB used.
       Both:     38.40 MB used.

Virtual space:
  Non-class space:       40.00 MB reserved,      34.19 MB ( 85%) committed,  5 nodes.
      Class space:        1.00 GB reserved,       4.56 MB ( <1%) committed,  1 nodes.
             Both:        1.04 GB reserved,      38.75 MB (  4%) committed. 

Chunk freelists:
   Non-Class:  1.86 MB
       Class:  3.34 MB
        Both:  5.20 MB

MaxMetaspaceSize: unlimited
CompressedClassSpaceSize: 1.00 GB
Initial GC threshold: 21.00 MB
Current GC threshold: 64.38 MB
CDS: on
MetaspaceReclaimPolicy: balanced
 - commit_granule_bytes: 65536.
 - commit_granule_words: 8192.
 - virtual_space_node_default_size: 1048576.
 - enlarge_chunks_in_place: 1.
 - new_chunks_are_fully_committed: 0.
 - uncommit_free_chunks: 1.
 - use_allocation_guard: 0.
 - handle_deallocations: 1.


Internal statistics:

num_allocs_failed_limit: 6.
num_arena_births: 394.
num_arena_deaths: 6.
num_vsnodes_births: 6.
num_vsnodes_deaths: 0.
num_space_committed: 620.
num_space_uncommitted: 0.
num_chunks_returned_to_freelist: 14.
num_chunks_taken_from_freelist: 1705.
num_chunk_merges: 4.
num_chunk_splits: 1199.
num_chunks_enlarged: 927.
num_purges: 2.
num_inconsistent_stats: 0.

CodeHeap 'non-profiled nmethods': size=120028Kb used=2195Kb max_used=2195Kb free=117833Kb
 bounds [0x00007f9055238000, 0x00007f90554a8000, 0x00007f905c76f000]
CodeHeap 'profiled nmethods': size=120028Kb used=11017Kb max_used=11017Kb free=109010Kb
 bounds [0x00007f904dd01000, 0x00007f904e7d1000, 0x00007f9055238000]
CodeHeap 'non-nmethods': size=5704Kb used=1232Kb max_used=1297Kb free=4471Kb
 bounds [0x00007f904d76f000, 0x00007f904d9df000, 0x00007f904dd01000]
 total_blobs=5576 nmethods=5034 adapters=455
 compilation: enabled
              stopped_count=0, restarted_count=0
 full_count=0

Compilation events (20 events):
Event: 1029.771 Thread 0x00007f900015b560 nmethod 5121 0x00007f9055456c10 code [0x00007f9055456de0, 0x00007f9055457838]
Event: 1029.771 Thread 0x00007f900015b560 5127       4       java.util.concurrent.ConcurrentHashMap::sumCount (60 bytes)
Event: 1029.773 Thread 0x00007f900015b560 nmethod 5127 0x00007f9055457e90 code [0x00007f9055458020, 0x00007f9055458158]
Event: 1029.773 Thread 0x00007f900015b560 5117       4       org.springframework.beans.factory.BeanFactoryUtils::isFactoryDereference (19 bytes)
Event: 1029.775 Thread 0x00007f900015b560 nmethod 5117 0x00007f9055458290 code [0x00007f9055458420, 0x00007f90554584f8]
Event: 1029.775 Thread 0x00007f900015b560 5116       4       org.springframework.core.SimpleAliasRegistry::canonicalName (28 bytes)
Event: 1029.775 Thread 0x00007f9064119010 nmethod 5140 0x00007f904e7b4f10 code [0x00007f904e7b5580, 0x00007f904e7b83a0]
Event: 1029.775 Thread 0x00007f9064119010 5141   !   3       org.springframework.beans.factory.support.DefaultListableBeanFactory::registerBeanDefinition (478 bytes)
Event: 1029.790 Thread 0x00007f9064119010 nmethod 5141 0x00007f904e7b9790 code [0x00007f904e7ba1a0, 0x00007f904e7c0210]
Event: 1029.790 Thread 0x00007f9064119010 5142       3       org.springframework.core.ResolvableType$1::isAssignableFrom (24 bytes)
Event: 1029.790 Thread 0x00007f9064119010 nmethod 5142 0x00007f904e7c2110 code [0x00007f904e7c22c0, 0x00007f904e7c2480]
Event: 1029.791 Thread 0x00007f9064119010 5145       3       org.springframework.core.annotation.AnnotationAttributes::getStringArray (11 bytes)
Event: 1029.791 Thread 0x00007f900015b560 nmethod 5116 0x00007f9055458690 code [0x00007f9055458840, 0x00007f9055458fb8]
Event: 1029.791 Thread 0x00007f900015b560 5143       4       java.util.AbstractCollection::toArray (144 bytes)
Event: 1029.791 Thread 0x00007f9064119010 nmethod 5145 0x00007f904e7c2510 code [0x00007f904e7c26c0, 0x00007f904e7c2900]
Event: 1029.792 Thread 0x00007f9064119010 5146       3       org.springframework.context.annotation.AnnotationBeanNameGenerator$$Lambda$236/0x0000000800d832d8::<init> (10 bytes)
Event: 1029.792 Thread 0x00007f9064119010 nmethod 5146 0x00007f904e7c2a10 code [0x00007f904e7c2bc0, 0x00007f904e7c2d70]
Event: 1029.792 Thread 0x00007f9064119010 5147       3       org.springframework.context.annotation.AnnotationBeanNameGenerator::isStereotypeWithNameValue (71 bytes)
Event: 1029.793 Thread 0x00007f9064119010 nmethod 5147 0x00007f904e7c2e10 code [0x00007f904e7c3020, 0x00007f904e7c3580]
Event: 1029.793 Thread 0x00007f9064119010 5148   !   3       org.springframework.beans.factory.support.AbstractAutowireCapableBeanFactory::getTypeForFactoryMethod (544 bytes)

GC Heap History (20 events):
Event: 1.504 GC heap before
{Heap before GC invocations=1 (full 0):
 garbage-first heap   total 112640K, used 39767K [0x0000000094400000, 0x0000000100000000)
  region size 1024K, 36 young (36864K), 3 survivors (3072K)
 Metaspace       used 12733K, committed 12928K, reserved 1064960K
  class space    used 1564K, committed 1664K, reserved 1048576K
}
Event: 1.511 GC heap after
{Heap after GC invocations=2 (full 0):
 garbage-first heap   total 112640K, used 8153K [0x0000000094400000, 0x0000000100000000)
  region size 1024K, 3 young (3072K), 3 survivors (3072K)
 Metaspace       used 12733K, committed 12928K, reserved 1064960K
  class space    used 1564K, committed 1664K, reserved 1048576K
}
Event: 2.904 GC heap before
{Heap before GC invocations=2 (full 0):
 garbage-first heap   total 112640K, used 57305K [0x0000000094400000, 0x0000000100000000)
  region size 1024K, 52 young (53248K), 3 survivors (3072K)
 Metaspace       used 21314K, committed 21504K, reserved 1073152K
  class space    used 2706K, committed 2816K, reserved 1048576K
}
Event: 2.912 GC heap after
{Heap after GC invocations=3 (full 0):
 garbage-first heap   total 112640K, used 11819K [0x0000000094400000, 0x0000000100000000)
  region size 1024K, 6 young (6144K), 6 survivors (6144K)
 Metaspace       used 21314K, committed 21504K, reserved 1073152K
  class space    used 2706K, committed 2816K, reserved 1048576K
}
Event: 3.415 GC heap before
{Heap before GC invocations=4 (full 0):
 garbage-first heap   total 48128K, used 36395K [0x0000000094400000, 0x0000000100000000)
  region size 1024K, 31 young (31744K), 6 survivors (6144K)
 Metaspace       used 24902K, committed 25152K, reserved 1073152K
  class space    used 3070K, committed 3200K, reserved 1048576K
}
Event: 3.423 GC heap after
{Heap after GC invocations=5 (full 0):
 garbage-first heap   total 48128K, used 13631K [0x0000000094400000, 0x0000000100000000)
  region size 1024K, 6 young (6144K), 6 survivors (6144K)
 Metaspace       used 24902K, committed 25152K, reserved 1073152K
  class space    used 3070K, committed 3200K, reserved 1048576K
}
Event: 3.833 GC heap before
{Heap before GC invocations=5 (full 0):
 garbage-first heap   total 48128K, used 33087K [0x0000000094400000, 0x0000000100000000)
  region size 1024K, 25 young (25600K), 6 survivors (6144K)
 Metaspace       used 26634K, committed 26944K, reserved 1073152K
  class space    used 3289K, committed 3456K, reserved 1048576K
}
Event: 3.838 GC heap after
{Heap after GC invocations=6 (full 0):
 garbage-first heap   total 48128K, used 14755K [0x0000000094400000, 0x0000000100000000)
  region size 1024K, 4 young (4096K), 4 survivors (4096K)
 Metaspace       used 26634K, committed 26944K, reserved 1073152K
  class space    used 3289K, committed 3456K, reserved 1048576K
}
Event: 6.002 GC heap before
{Heap before GC invocations=6 (full 0):
 garbage-first heap   total 48128K, used 33187K [0x0000000094400000, 0x0000000100000000)
  region size 1024K, 22 young (22528K), 4 survivors (4096K)
 Metaspace       used 30795K, committed 31104K, reserved 1081344K
  class space    used 3803K, committed 3968K, reserved 1048576K
}
Event: 6.008 GC heap after
{Heap after GC invocations=7 (full 0):
 garbage-first heap   total 48128K, used 16360K [0x0000000094400000, 0x0000000100000000)
  region size 1024K, 3 young (3072K), 3 survivors (3072K)
 Metaspace       used 30795K, committed 31104K, reserved 1081344K
  class space    used 3803K, committed 3968K, reserved 1048576K
}
Event: 6.339 GC heap before
{Heap before GC invocations=7 (full 0):
 garbage-first heap   total 48128K, used 33768K [0x0000000094400000, 0x0000000100000000)
  region size 1024K, 21 young (21504K), 3 survivors (3072K)
 Metaspace       used 35096K, committed 35392K, reserved 1081344K
  class space    used 4158K, committed 4288K, reserved 1048576K
}
Event: 6.348 GC heap after
{Heap after GC invocations=8 (full 0):
 garbage-first heap   total 48128K, used 17558K [0x0000000094400000, 0x0000000100000000)
  region size 1024K, 2 young (2048K), 2 survivors (2048K)
 Metaspace       used 35096K, committed 35392K, reserved 1081344K
  class space    used 4158K, committed 4288K, reserved 1048576K
}
Event: 6.402 GC heap before
{Heap before GC invocations=8 (full 0):
 garbage-first heap   total 48128K, used 17558K [0x0000000094400000, 0x0000000100000000)
  region size 1024K, 4 young (4096K), 2 survivors (2048K)
 Metaspace       used 35882K, committed 36160K, reserved 1081344K
  class space    used 4207K, committed 4352K, reserved 1048576K
}
Event: 6.404 GC heap after
{Heap after GC invocations=9 (full 0):
 garbage-first heap   total 48128K, used 17363K [0x0000000094400000, 0x0000000100000000)
  region size 1024K, 1 young (1024K), 1 survivors (1024K)
 Metaspace       used 35882K, committed 36160K, reserved 1081344K
  class space    used 4207K, committed 4352K, reserved 1048576K
}
Event: 9.319 GC heap before
{Heap before GC invocations=10 (full 0):
 garbage-first heap   total 48128K, used 34771K [0x0000000094400000, 0x0000000100000000)
  region size 1024K, 19 young (19456K), 1 survivors (1024K)
 Metaspace       used 38338K, committed 38656K, reserved 1089536K
  class space    used 4440K, committed 4608K, reserved 1048576K
}
Event: 9.322 GC heap after
{Heap after GC invocations=11 (full 0):
 garbage-first heap   total 48128K, used 18505K [0x0000000094400000, 0x0000000100000000)
  region size 1024K, 3 young (3072K), 3 survivors (3072K)
 Metaspace       used 38338K, committed 38656K, reserved 1089536K
  class space    used 4440K, committed 4608K, reserved 1048576K
}
Event: 637.624 GC heap before
{Heap before GC invocations=11 (full 0):
 garbage-first heap   total 48128K, used 35913K [0x0000000094400000, 0x0000000100000000)
  region size 1024K, 20 young (20480K), 3 survivors (3072K)
 Metaspace       used 38797K, committed 39168K, reserved 1089536K
  class space    used 4446K, committed 4608K, reserved 1048576K
}
Event: 637.643 GC heap after
{Heap after GC invocations=12 (full 0):
 garbage-first heap   total 48128K, used 18353K [0x0000000094400000, 0x0000000100000000)
  region size 1024K, 2 young (2048K), 2 survivors (2048K)
 Metaspace       used 38797K, committed 39168K, reserved 1089536K
  class space    used 4446K, committed 4608K, reserved 1048576K
}
Event: 1029.277 GC heap before
{Heap before GC invocations=12 (full 0):
 garbage-first heap   total 48128K, used 25521K [0x0000000094400000, 0x0000000100000000)
  region size 1024K, 10 young (10240K), 2 survivors (2048K)
 Metaspace       used 39155K, committed 39552K, reserved 1089536K
  class space    used 4488K, committed 4672K, reserved 1048576K
}
Event: 1029.386 GC heap after
{Heap after GC invocations=13 (full 1):
 garbage-first heap   total 48128K, used 15432K [0x0000000094400000, 0x0000000100000000)
  region size 1024K, 0 young (0K), 0 survivors (0K)
 Metaspace       used 39125K, committed 39552K, reserved 1089536K
  class space    used 4485K, committed 4672K, reserved 1048576K
}

Deoptimization events (20 events):
Event: 1029.742 Thread 0x00007f8f8c0542d0 Uncommon trap: trap_request=0xffffff66 fr.pc=0x00007f90554382c8 relative=0x0000000000002328
Event: 1029.742 Thread 0x00007f8f8c0542d0 Uncommon trap: reason=speculate_class_check action=maybe_recompile pc=0x00007f90554382c8 method=org.springframework.beans.factory.support.AbstractBeanFactory.isTypeMatch(Ljava/lang/String;Lorg/springframework/core/ResolvableType;Z)Z @ 603 c2
Event: 1029.742 Thread 0x00007f8f8c0542d0 DEOPT PACKING pc=0x00007f90554382c8 sp=0x00007f90163c3280
Event: 1029.742 Thread 0x00007f8f8c0542d0 DEOPT UNPACKING pc=0x00007f904d7c1099 sp=0x00007f90163c3220 mode 2
Event: 1029.772 Thread 0x00007f8f8c0542d0 Uncommon trap: trap_request=0xffffffd6 fr.pc=0x00007f90554575e8 relative=0x0000000000000808
Event: 1029.772 Thread 0x00007f8f8c0542d0 Uncommon trap: reason=array_check action=maybe_recompile pc=0x00007f90554575e8 method=java.util.AbstractCollection.toArray([Ljava/lang/Object;)[Ljava/lang/Object; @ 116 c2
Event: 1029.772 Thread 0x00007f8f8c0542d0 DEOPT PACKING pc=0x00007f90554575e8 sp=0x00007f90163c34a0
Event: 1029.772 Thread 0x00007f8f8c0542d0 DEOPT UNPACKING pc=0x00007f904d7c1099 sp=0x00007f90163c3460 mode 2
Event: 1029.774 Thread 0x00007f8f8c0542d0 Uncommon trap: trap_request=0xffffffd6 fr.pc=0x00007f90554575e8 relative=0x0000000000000808
Event: 1029.774 Thread 0x00007f8f8c0542d0 Uncommon trap: reason=array_check action=maybe_recompile pc=0x00007f90554575e8 method=java.util.AbstractCollection.toArray([Ljava/lang/Object;)[Ljava/lang/Object; @ 116 c2
Event: 1029.774 Thread 0x00007f8f8c0542d0 DEOPT PACKING pc=0x00007f90554575e8 sp=0x00007f90163c36e0
Event: 1029.774 Thread 0x00007f8f8c0542d0 DEOPT UNPACKING pc=0x00007f904d7c1099 sp=0x00007f90163c36a0 mode 2
Event: 1029.774 Thread 0x00007f8f8c0542d0 Uncommon trap: trap_request=0xffffffd6 fr.pc=0x00007f90554575e8 relative=0x0000000000000808
Event: 1029.774 Thread 0x00007f8f8c0542d0 Uncommon trap: reason=array_check action=maybe_recompile pc=0x00007f90554575e8 method=java.util.AbstractCollection.toArray([Ljava/lang/Object;)[Ljava/lang/Object; @ 116 c2
Event: 1029.774 Thread 0x00007f8f8c0542d0 DEOPT PACKING pc=0x00007f90554575e8 sp=0x00007f90163c3530
Event: 1029.774 Thread 0x00007f8f8c0542d0 DEOPT UNPACKING pc=0x00007f904d7c1099 sp=0x00007f90163c34f0 mode 2
Event: 1029.774 Thread 0x00007f8f8c0542d0 Uncommon trap: trap_request=0xffffffd6 fr.pc=0x00007f90554575e8 relative=0x0000000000000808
Event: 1029.774 Thread 0x00007f8f8c0542d0 Uncommon trap: reason=array_check action=maybe_recompile pc=0x00007f90554575e8 method=java.util.AbstractCollection.toArray([Ljava/lang/Object;)[Ljava/lang/Object; @ 116 c2
Event: 1029.774 Thread 0x00007f8f8c0542d0 DEOPT PACKING pc=0x00007f90554575e8 sp=0x00007f90163c3530
Event: 1029.774 Thread 0x00007f8f8c0542d0 DEOPT UNPACKING pc=0x00007f904d7c1099 sp=0x00007f90163c34f0 mode 2

Classes unloaded (3 events):
Event: 1029.300 Thread 0x00007f9064109540 Unloading class 0x000000080109c800 'org/apache/jsp/WEB_002dINF/jsp/registration_jsp'
Event: 1029.300 Thread 0x00007f9064109540 Unloading class 0x000000080109c000 'org/apache/jsp/WEB_002dINF/jsp/chooseRegistrationType_jsp'
Event: 1029.300 Thread 0x00007f9064109540 Unloading class 0x0000000801080000 'org/apache/jsp/WEB_002dINF/jsp/login_jsp'

Classes redefined (0 events):
No events

Internal exceptions (20 events):
Event: 3.857 Thread 0x00007f8ff4006830 Exception <a 'java/lang/NoSuchMethodError'{0x000000009afa8258}: 'void java.lang.invoke.DirectMethodHandle$Holder.invokeVirtual(java.lang.Object, java.lang.Object, long)'> (0x000000009afa8258) 
thrown [open/src/hotspot/share/interpreter/linkResolver.cpp, line 765]
Event: 4.011 Thread 0x00007f8ff4006830 Exception <a 'java/lang/IncompatibleClassChangeError'{0x00000000977ea638}: Found class java.lang.Object, but interface was expected> (0x00000000977ea638) 
thrown [open/src/hotspot/share/interpreter/linkResolver.cpp, line 833]
Event: 4.057 Thread 0x00007f8ff4006830 Exception <a 'java/lang/NoSuchMethodError'{0x000000009692a628}: 'int java.lang.invoke.DirectMethodHandle$Holder.invokeStaticInit(java.lang.Object, java.lang.Object, java.lang.Object, java.lang.Object)'> (0x000000009692a628) 
thrown [open/src/hotspot/share/interpreter/linkResolver.cpp, line 765]
Event: 4.151 Thread 0x00007f8ff4006830 Exception <a 'java/lang/NoSuchMethodError'{0x00000000967cbe58}: 'java.lang.Object java.lang.invoke.DirectMethodHandle$Holder.newInvokeSpecial(java.lang.Object, java.lang.Object, int, java.lang.Object, java.lang.Object)'> (0x00000000967cbe58) 
thrown [open/src/hotspot/share/interpreter/linkResolver.cpp, line 765]
Event: 4.154 Thread 0x00007f8ff4006830 Exception <a 'java/lang/NoSuchMethodError'{0x00000000967d7b50}: 'java.lang.Object java.lang.invoke.DirectMethodHandle$Holder.invokeSpecial(java.lang.Object, java.lang.Object, int, java.lang.Object, int, java.lang.Object)'> (0x00000000967d7b50) 
thrown [open/src/hotspot/share/interpreter/linkResolver.cpp, line 765]
Event: 4.155 Thread 0x00007f8ff4006830 Exception <a 'java/lang/NoSuchMethodError'{0x00000000967dfbf8}: 'java.lang.Object java.lang.invoke.DirectMethodHandle$Holder.newInvokeSpecial(java.lang.Object, java.lang.Object, int, java.lang.Object, int)'> (0x00000000967dfbf8) 
thrown [open/src/hotspot/share/interpreter/linkResolver.cpp, line 765]
Event: 4.155 Thread 0x00007f8ff4006830 Exception <a 'java/lang/NoSuchMethodError'{0x00000000967e3cf8}: 'java.lang.Object java.lang.invoke.DirectMethodHandle$Holder.invokeSpecial(java.lang.Object, java.lang.Object, java.lang.Object, int, java.lang.Object, int)'> (0x00000000967e3cf8) 
thrown [open/src/hotspot/share/interpreter/linkResolver.cpp, line 765]
Event: 4.157 Thread 0x00007f8ff4006830 Exception <a 'java/lang/NoSuchMethodError'{0x00000000967ee4c8}: 'void java.lang.invoke.DirectMethodHandle$Holder.invokeVirtual(java.lang.Object, java.lang.Object)'> (0x00000000967ee4c8) 
thrown [open/src/hotspot/share/interpreter/linkResolver.cpp, line 765]
Event: 6.042 Thread 0x00007f8fb0002860 Implicit null exception at 0x00007f905524d3d4 to 0x00007f905524d988
Event: 6.042 Thread 0x00007f8fb0002860 Implicit null exception at 0x00007f9055258a54 to 0x00007f9055258ffc
Event: 6.365 Thread 0x00007f8fb0002860 Exception <a 'java/lang/ArrayIndexOutOfBoundsException'{0x000000009af5c118}: Index 9703 out of bounds for length 9703> (0x000000009af5c118) 
thrown [open/src/hotspot/share/interpreter/interpreterRuntime.cpp, line 428]
Event: 6.729 Thread 0x00007f8fb0003360 Exception <a 'java/lang/NoSuchMethodError'{0x00000000967b4c70}: 'java.lang.Object java.lang.invoke.DirectMethodHandle$Holder.invokeStatic(java.lang.Object, int, int)'> (0x00000000967b4c70) 
thrown [open/src/hotspot/share/interpreter/linkResolver.cpp, line 765]
Event: 6.864 Thread 0x00007f8fb0004f10 Exception <a 'java/io/IOException'{0x0000000096342e00}> (0x0000000096342e00) 
thrown [open/src/hotspot/share/prims/jni.cpp, line 516]
Event: 9.229 Thread 0x00007f8fb0006120 Exception <a 'java/lang/ArrayIndexOutOfBoundsException'{0x000000009625b228}> (0x000000009625b228) 
thrown [open/src/hotspot/share/runtime/sharedRuntime.cpp, line 628]
Event: 9.409 Thread 0x00007f8fb0009320 Exception <a 'java/io/IOException'{0x000000009afa6358}> (0x000000009afa6358) 
thrown [open/src/hotspot/share/prims/jni.cpp, line 516]
Event: 10.486 Thread 0x00007f8fb000a400 Exception <a 'java/lang/ArrayIndexOutOfBoundsException'{0x0000000097be0450}> (0x0000000097be0450) 
thrown [open/src/hotspot/share/runtime/sharedRuntime.cpp, line 628]
Event: 32.805 Thread 0x00007f8fb0009320 Exception <a 'java/io/IOException'{0x0000000096801728}> (0x0000000096801728) 
thrown [open/src/hotspot/share/prims/jni.cpp, line 516]
Event: 1029.266 Thread 0x00007f8fe896ef20 Exception <a 'java/lang/InterruptedException'{0x0000000096956388}: sleep interrupted> (0x0000000096956388) 
thrown [open/src/hotspot/share/prims/jvm.cpp, line 3067]
Event: 1029.273 Thread 0x00007f8fb8004030 Exception <a 'java/lang/NoSuchMethodError'{0x00000000969785d8}: 'void java.lang.invoke.DirectMethodHandle$Holder.invokeInterface(java.lang.Object, java.lang.Object)'> (0x00000000969785d8) 
thrown [open/src/hotspot/share/interpreter/linkResolver.cpp, line 765]
Event: 1029.407 Thread 0x00007f8f8c0542d0 Exception <a 'sun/nio/fs/UnixException'{0x000000009afbefa0}> (0x000000009afbefa0) 
thrown [open/src/hotspot/share/prims/jni.cpp, line 516]

VM Operations (20 events):
Event: 534.378 Executing VM operation: Cleanup
Event: 534.378 Executing VM operation: Cleanup done
Event: 637.624 Executing VM operation: G1CollectForAllocation
Event: 637.643 Executing VM operation: G1CollectForAllocation done
Event: 641.643 Executing VM operation: Cleanup
Event: 641.643 Executing VM operation: Cleanup done
Event: 713.681 Executing VM operation: Cleanup
Event: 713.730 Executing VM operation: Cleanup done
Event: 902.750 Executing VM operation: Cleanup
Event: 902.750 Executing VM operation: Cleanup done
Event: 923.752 Executing VM operation: Cleanup
Event: 923.752 Executing VM operation: Cleanup done
Event: 963.755 Executing VM operation: Cleanup
Event: 963.756 Executing VM operation: Cleanup done
Event: 1029.277 Executing VM operation: G1CollectFull
Event: 1029.386 Executing VM operation: G1CollectFull done
Event: 1029.429 Executing VM operation: ICBufferFull
Event: 1029.429 Executing VM operation: ICBufferFull done
Event: 1029.607 Executing VM operation: ICBufferFull
Event: 1029.607 Executing VM operation: ICBufferFull done

Events (20 events):
Event: 1029.267 loading class javax/management/ObjectName$PatternProperty
Event: 1029.267 loading class javax/management/ObjectName$PatternProperty done
Event: 1029.269 Thread 0x00007f8fe89643d0 Thread exited: 0x00007f8fe89643d0
Event: 1029.269 Thread 0x00007f8fcc00ab50 Thread exited: 0x00007f8fcc00ab50
Event: 1029.386 loading class java/lang/ref/Finalizer$2
Event: 1029.386 loading class java/lang/ref/Finalizer$2 done
Event: 1029.386 loading class java/lang/ref/Finalizer$1
Event: 1029.386 loading class java/lang/ref/Finalizer$1 done
Event: 1029.386 Thread 0x00007f8f8c0542d0 Thread added: 0x00007f8f8c0542d0
Event: 1029.386 Protecting memory [0x00007f90162c6000,0x00007f90162ca000] with protection modes 0
Event: 1029.386 Thread 0x00007f8f8c0542d0 Thread exited: 0x00007f8f8c0542d0
Event: 1029.387 Thread 0x00007f8f8c0542d0 Thread added: 0x00007f8f8c0542d0
Event: 1029.387 Protecting memory [0x00007f90162c6000,0x00007f90162ca000] with protection modes 0
Event: 1029.409 Thread 0x00007f90005930e0 Thread added: 0x00007f90005930e0
Event: 1029.409 Protecting memory [0x00007f9014dfe000,0x00007f9014e02000] with protection modes 0
Event: 1029.412 Thread 0x00007f900015b560 Thread added: 0x00007f900015b560
Event: 1029.412 Protecting memory [0x00007f9014cfe000,0x00007f9014d02000] with protection modes 0
Event: 1029.482 Thread 0x00007f8fcc017a00 Thread added: 0x00007f8fcc017a00
Event: 1029.482 Protecting memory [0x00007f90168d0000,0x00007f90168d4000] with protection modes 0
Event: 1029.496 Thread 0x00007f8fcc017a00 Thread exited: 0x00007f8fcc017a00


Dynamic libraries:
94400000-96a00000 rw-p 00000000 00:00 0 
96a00000-97600000 ---p 00000000 00:00 0 
97600000-97c00000 rw-p 00000000 00:00 0 
97c00000-9af00000 ---p 00000000 00:00 0 
9af00000-9b000000 rw-p 00000000 00:00 0 
9b000000-ffe00000 ---p 00000000 00:00 0 
ffe00000-ffe76000 rw-p 00c95000 00:20 262741                             /usr/java/openjdk/jdk-17.0.1/lib/server/classes.jsa
ffe76000-fff00000 rw-p 00000000 00:00 0 
fff00000-fff82000 rw-p 00c13000 00:20 262741                             /usr/java/openjdk/jdk-17.0.1/lib/server/classes.jsa
fff82000-100000000 rw-p 00000000 00:00 0 
800000000-80043f000 rw-p 00001000 00:20 262741                           /usr/java/openjdk/jdk-17.0.1/lib/server/classes.jsa
80043f000-800bda000 r--p 00440000 00:20 262741                           /usr/java/openjdk/jdk-17.0.1/lib/server/classes.jsa
800bda000-800c00000 ---p 00000000 00:00 0 
800c00000-800c40000 rw-p 00000000 00:00 0 
800c40000-800c80000 rw-p 00000000 00:00 0 
800c80000-800cc0000 rw-p 00000000 00:00 0 
800cc0000-800d00000 rw-p 00000000 00:00 0 
800d00000-800ec0000 rw-p 00000000 00:00 0 
800ec0000-800f00000 rw-p 00000000 00:00 0 
800f00000-800fc0000 rw-p 00000000 00:00 0 
800fc0000-800fe0000 rw-p 00000000 00:00 0 
800fe0000-801000000 ---p 00000000 00:00 0 
801000000-8010b0000 rw-p 00000000 00:00 0 
8010b0000-840c00000 ---p 00000000 00:00 0 
557b66c1c000-557b66c1d000 r-xp 00000000 00:20 262245                     /usr/java/openjdk/jdk-17.0.1/bin/java
557b66c1e000-557b66c1f000 r--p 00001000 00:20 262245                     /usr/java/openjdk/jdk-17.0.1/bin/java
557b66c1f000-557b66c20000 rw-p 00002000 00:20 262245                     /usr/java/openjdk/jdk-17.0.1/bin/java
557b674e1000-557b67502000 rw-p 00000000 00:00 0                          [heap]
7f8f88000000-7f8f88021000 rw-p 00000000 00:00 0 
7f8f88021000-7f8f8c000000 ---p 00000000 00:00 0 
7f8f8c000000-7f8f8c058000 rw-p 00000000 00:00 0 
7f8f8c058000-7f8f90000000 ---p 00000000 00:00 0 
7f8f90000000-7f8f90021000 rw-p 00000000 00:00 0 
7f8f90021000-7f8f94000000 ---p 00000000 00:00 0 
7f8f94000000-7f8f94028000 rw-p 00000000 00:00 0 
7f8f94028000-7f8f98000000 ---p 00000000 00:00 0 
7f8f98000000-7f8f98021000 rw-p 00000000 00:00 0 
7f8f98021000-7f8f9c000000 ---p 00000000 00:00 0 
7f8f9c000000-7f8f9c021000 rw-p 00000000 00:00 0 
7f8f9c021000-7f8fa0000000 ---p 00000000 00:00 0 
7f8fa0000000-7f8fa002e000 rw-p 00000000 00:00 0 
7f8fa002e000-7f8fa4000000 ---p 00000000 00:00 0 
7f8fa4000000-7f8fa4021000 rw-p 00000000 00:00 0 
7f8fa4021000-7f8fa8000000 ---p 00000000 00:00 0 
7f8fa8000000-7f8fa8021000 rw-p 00000000 00:00 0 
7f8fa8021000-7f8fac000000 ---p 00000000 00:00 0 
7f8faef00000-7f8faef04000 ---p 00000000 00:00 0 
7f8faef04000-7f8faf000000 rw-p 00000000 00:00 0 
7f8faf000000-7f8faf004000 ---p 00000000 00:00 0 
7f8faf004000-7f8faf100000 rw-p 00000000 00:00 0 
7f8faf100000-7f8faf104000 ---p 00000000 00:00 0 
7f8faf104000-7f8faf200000 rw-p 00000000 00:00 0 
7f8faf200000-7f8faf204000 ---p 00000000 00:00 0 
7f8faf204000-7f8faf300000 rw-p 00000000 00:00 0 
7f8faf300000-7f8faf304000 ---p 00000000 00:00 0 
7f8faf304000-7f8faf400000 rw-p 00000000 00:00 0 
7f8faf400000-7f8faf404000 ---p 00000000 00:00 0 
7f8faf404000-7f8faf500000 rw-p 00000000 00:00 0 
7f8faf500000-7f8faf504000 ---p 00000000 00:00 0 
7f8faf504000-7f8faf600000 rw-p 00000000 00:00 0 
7f8faf600000-7f8faf604000 ---p 00000000 00:00 0 
7f8faf604000-7f8faf700000 rw-p 00000000 00:00 0 
7f8faf700000-7f8faf704000 ---p 00000000 00:00 0 
7f8faf704000-7f8faf9c0000 rw-p 00000000 00:00 0 
7f8faf9c0000-7f8fafa00000 rw-p 00000000 00:00 0 
7f8fafa00000-7f8fafa30000 rw-p 00000000 00:00 0 
7f8fafa30000-7f8fb0000000 ---p 00000000 00:00 0 
7f8fb0000000-7f8fb0021000 rw-p 00000000 00:00 0 
7f8fb0021000-7f8fb4000000 ---p 00000000 00:00 0 
7f8fb4000000-7f8fb4021000 rw-p 00000000 00:00 0 
7f8fb4021000-7f8fb8000000 ---p 00000000 00:00 0 
7f8fb8000000-7f8fb802b000 rw-p 00000000 00:00 0 
7f8fb802b000-7f8fbc000000 ---p 00000000 00:00 0 
7f8fbc000000-7f8fbc021000 rw-p 00000000 00:00 0 
7f8fbc021000-7f8fc0000000 ---p 00000000 00:00 0 
7f8fc0000000-7f8fc0671000 rw-p 00000000 00:00 0 
7f8fc0671000-7f8fc4000000 ---p 00000000 00:00 0 
7f8fc4000000-7f8fc4642000 rw-p 00000000 00:00 0 
7f8fc4642000-7f8fc8000000 ---p 00000000 00:00 0 
7f8fc8000000-7f8fc8021000 rw-p 00000000 00:00 0 
7f8fc8021000-7f8fcc000000 ---p 00000000 00:00 0 
7f8fcc000000-7f8fcc056000 rw-p 00000000 00:00 0 
7f8fcc056000-7f8fd0000000 ---p 00000000 00:00 0 
7f8fd0000000-7f8fd01ae000 rw-p 00000000 00:00 0 
7f8fd01ae000-7f8fd4000000 ---p 00000000 00:00 0 
7f8fd4000000-7f8fd4021000 rw-p 00000000 00:00 0 
7f8fd4021000-7f8fd8000000 ---p 00000000 00:00 0 
7f8fd8000000-7f8fd8021000 rw-p 00000000 00:00 0 
7f8fd8021000-7f8fdc000000 ---p 00000000 00:00 0 
7f8fdc000000-7f8fdc021000 rw-p 00000000 00:00 0 
7f8fdc021000-7f8fe0000000 ---p 00000000 00:00 0 
7f8fe0000000-7f8fe0021000 rw-p 00000000 00:00 0 
7f8fe0021000-7f8fe4000000 ---p 00000000 00:00 0 
7f8fe4000000-7f8fe4021000 rw-p 00000000 00:00 0 
7f8fe4021000-7f8fe8000000 ---p 00000000 00:00 0 
7f8fe8000000-7f8fe8a6b000 rw-p 00000000 00:00 0 
7f8fe8a6b000-7f8fec000000 ---p 00000000 00:00 0 
7f8fec000000-7f8fec021000 rw-p 00000000 00:00 0 
7f8fec021000-7f8ff0000000 ---p 00000000 00:00 0 
7f8ff0000000-7f8ff0021000 rw-p 00000000 00:00 0 
7f8ff0021000-7f8ff4000000 ---p 00000000 00:00 0 
7f8ff4000000-7f8ff473e000 rw-p 00000000 00:00 0 
7f8ff473e000-7f8ff8000000 ---p 00000000 00:00 0 
7f8ff8000000-7f8ff8021000 rw-p 00000000 00:00 0 
7f8ff8021000-7f8ffc000000 ---p 00000000 00:00 0 
7f8ffc000000-7f8ffc021000 rw-p 00000000 00:00 0 
7f8ffc021000-7f9000000000 ---p 00000000 00:00 0 
7f9000000000-7f9000a3a000 rw-p 00000000 00:00 0 
7f9000a3a000-7f9004000000 ---p 00000000 00:00 0 
7f9004000000-7f9004029000 rw-p 00000000 00:00 0 
7f9004029000-7f9008000000 ---p 00000000 00:00 0 
7f9008000000-7f9008021000 rw-p 00000000 00:00 0 
7f9008021000-7f900c000000 ---p 00000000 00:00 0 
7f900c000000-7f900e118000 rw-p 00000000 00:00 0 
7f900e118000-7f9010000000 ---p 00000000 00:00 0 
7f9010000000-7f9010021000 rw-p 00000000 00:00 0 
7f9010021000-7f9014004000 ---p 00000000 00:00 0 
7f9014004000-7f9014100000 rw-p 00000000 00:00 0 
7f9014100000-7f9014104000 ---p 00000000 00:00 0 
7f9014104000-7f9014200000 rw-p 00000000 00:00 0 
7f9014200000-7f9014204000 ---p 00000000 00:00 0 
7f9014204000-7f9014300000 rw-p 00000000 00:00 0 
7f9014300000-7f9014304000 ---p 00000000 00:00 0 
7f9014304000-7f9014500000 rw-p 00000000 00:00 0 
7f9014500000-7f9014600000 rw-p 00000000 00:00 0 
7f9014600000-7f9014c00000 rw-p 00000000 00:00 0 
7f9014cfe000-7f9014d02000 ---p 00000000 00:00 0 
7f9014d02000-7f9014dfe000 rw-p 00000000 00:00 0 
7f9014dfe000-7f9014e02000 ---p 00000000 00:00 0 
7f9014e02000-7f9014efe000 rw-p 00000000 00:00 0 
7f9014efe000-7f9014eff000 ---p 00000000 00:00 0 
7f9014eff000-7f9015180000 rw-p 00000000 00:00 0 
7f9015180000-7f9015300000 rw-p 00000000 00:00 0 
7f9015300000-7f9015400000 rw-p 00000000 00:00 0 
7f9015400000-7f9015500000 rw-p 00000000 00:00 0 
7f9015500000-7f9015600000 rw-p 00000000 00:00 0 
7f9015600000-7f9015800000 rw-p 00000000 00:00 0 
7f9015800000-7f9015fc0000 rw-p 00000000 00:00 0 
7f9015fc0000-7f9016000000 rw-p 00000000 00:00 0 
7f90160c2000-7f90160c3000 ---p 00000000 00:00 0 
7f90160c3000-7f90161c4000 rw-p 00000000 00:00 0 
7f90161c4000-7f90161c5000 ---p 00000000 00:00 0 
7f90161c5000-7f90162c6000 rw-p 00000000 00:00 0 
7f90162c6000-7f90162ca000 ---p 00000000 00:00 0 
7f90162ca000-7f90163c6000 rw-p 00000000 00:00 0 
7f90163c6000-7f90163c7000 ---p 00000000 00:00 0 
7f90163c7000-7f90164c8000 rw-p 00000000 00:00 0 
7f90164c8000-7f90164c9000 ---p 00000000 00:00 0 
7f90164c9000-7f90165ca000 rw-p 00000000 00:00 0 
7f90165ca000-7f90165cb000 ---p 00000000 00:00 0 
7f90165cb000-7f90166cc000 rw-p 00000000 00:00 0 
7f90166cc000-7f90166cd000 ---p 00000000 00:00 0 
7f90166cd000-7f90167ce000 rw-p 00000000 00:00 0 
7f90167ce000-7f90167cf000 ---p 00000000 00:00 0 
7f90167cf000-7f90168d0000 rw-p 00000000 00:00 0 
7f90168d0000-7f90168d4000 ---p 00000000 00:00 0 
7f90168d4000-7f90169d0000 rw-p 00000000 00:00 0 
7f90169d0000-7f90169d4000 ---p 00000000 00:00 0 
7f90169d4000-7f9016ad0000 rw-p 00000000 00:00 0 
7f9016ad0000-7f9024000000 r--p 00000000 00:20 166686                     /usr/lib/locale/locale-archive
7f9024000000-7f9024021000 rw-p 00000000 00:00 0 
7f9024021000-7f9028000000 ---p 00000000 00:00 0 
7f9028000000-7f9028021000 rw-p 00000000 00:00 0 
7f9028021000-7f902c000000 ---p 00000000 00:00 0 
7f902c000000-7f902cc57000 rw-p 00000000 00:00 0 
7f902cc57000-7f9030000000 ---p 00000000 00:00 0 
7f9030000000-7f9030021000 rw-p 00000000 00:00 0 
7f9030021000-7f9034000000 ---p 00000000 00:00 0 
7f9034000000-7f9034021000 rw-p 00000000 00:00 0 
7f9034021000-7f9038000000 ---p 00000000 00:00 0 
7f9038000000-7f9038021000 rw-p 00000000 00:00 0 
7f9038021000-7f903c000000 ---p 00000000 00:00 0 
7f903c000000-7f903c021000 rw-p 00000000 00:00 0 
7f903c021000-7f9040000000 ---p 00000000 00:00 0 
7f9040000000-7f9040021000 rw-p 00000000 00:00 0 
7f9040021000-7f9044000000 ---p 00000000 00:00 0 
7f9044000000-7f9044021000 rw-p 00000000 00:00 0 
7f9044021000-7f9048000000 ---p 00000000 00:00 0 
7f9048090000-7f9048093000 r--p 00000000 00:20 165180                     /usr/lib64/libgcc_s-11-20211203.so.1
7f9048093000-7f90480a5000 r-xp 00003000 00:20 165180                     /usr/lib64/libgcc_s-11-20211203.so.1
7f90480a5000-7f90480a8000 r--p 00015000 00:20 165180                     /usr/lib64/libgcc_s-11-20211203.so.1
7f90480a8000-7f90480a9000 ---p 00018000 00:20 165180                     /usr/lib64/libgcc_s-11-20211203.so.1
7f90480a9000-7f90480aa000 r--p 00018000 00:20 165180                     /usr/lib64/libgcc_s-11-20211203.so.1
7f90480aa000-7f90480ab000 rw-p 00019000 00:20 165180                     /usr/lib64/libgcc_s-11-20211203.so.1
7f90480ab000-7f90480af000 r--p 00000000 00:20 167684                     /usr/lib64/libnss_myhostname.so.2
7f90480af000-7f90480be000 r-xp 00004000 00:20 167684                     /usr/lib64/libnss_myhostname.so.2
7f90480be000-7f90480c8000 r--p 00013000 00:20 167684                     /usr/lib64/libnss_myhostname.so.2
7f90480c8000-7f90480cc000 r--p 0001c000 00:20 167684                     /usr/lib64/libnss_myhostname.so.2
7f90480cc000-7f90480cd000 rw-p 00020000 00:20 167684                     /usr/lib64/libnss_myhostname.so.2
7f90480cd000-7f90480fe000 rw-p 00000000 00:00 0 
7f90480fe000-7f9048102000 ---p 00000000 00:00 0 
7f9048102000-7f90481fe000 rw-p 00000000 00:00 0 
7f90481fe000-7f90481ff000 ---p 00000000 00:00 0 
7f90481ff000-7f9048300000 rw-p 00000000 00:00 0 
7f9048300000-7f9048304000 ---p 00000000 00:00 0 
7f9048304000-7f9048400000 rw-p 00000000 00:00 0 
7f9048400000-7f9048404000 ---p 00000000 00:00 0 
7f9048404000-7f9048500000 rw-p 00000000 00:00 0 
7f9048500000-7f9048504000 ---p 00000000 00:00 0 
7f9048504000-7f9048600000 rw-p 00000000 00:00 0 
7f9048600000-7f9048604000 ---p 00000000 00:00 0 
7f9048604000-7f9048700000 rw-p 00000000 00:00 0 
7f9048700000-7f9048704000 ---p 00000000 00:00 0 
7f9048704000-7f9048800000 rw-p 00000000 00:00 0 
7f9048800000-7f9048804000 ---p 00000000 00:00 0 
7f9048804000-7f9048900000 rw-p 00000000 00:00 0 
7f9048900000-7f9048904000 ---p 00000000 00:00 0 
7f9048904000-7f9048a00000 rw-p 00000000 00:00 0 
7f9048a00000-7f9048a04000 ---p 00000000 00:00 0 
7f9048a04000-7f9048b00000 rw-p 00000000 00:00 0 
7f9048b00000-7f9048b04000 ---p 00000000 00:00 0 
7f9048b04000-7f9049000000 rw-p 00000000 00:00 0 
7f9049000000-7f9049400000 rw-p 00000000 00:00 0 
7f904941d000-7f9049424000 r--s 00000000 00:20 255667                     /usr/lib64/gconv/gconv-modules.cache
7f9049424000-7f9049425000 ---p 00000000 00:00 0 
7f9049425000-7f9049526000 rw-p 00000000 00:00 0 
7f9049526000-7f90495f4000 r-xp 00000000 00:20 262728                     /usr/java/openjdk/jdk-17.0.1/lib/libsvml.so
7f90495f4000-7f90495f5000 r--p 000cd000 00:20 262728                     /usr/java/openjdk/jdk-17.0.1/lib/libsvml.so
7f90495f5000-7f90495f6000 rw-p 000ce000 00:20 262728                     /usr/java/openjdk/jdk-17.0.1/lib/libsvml.so
7f90495f6000-7f9049677000 rw-p 00000000 00:00 0 
7f9049677000-7f9049678000 ---p 00000000 00:00 0 
7f9049678000-7f9049779000 rw-p 00000000 00:00 0 
7f9049779000-7f904977a000 ---p 00000000 00:00 0 
7f904977a000-7f904bd17000 rw-p 00000000 00:00 0 
7f904bd17000-7f904bd47000 ---p 00000000 00:00 0 
7f904bd47000-7f904bd5f000 rw-p 00000000 00:00 0 
7f904bd5f000-7f904be2b000 ---p 00000000 00:00 0 
7f904be2b000-7f904be2f000 rw-p 00000000 00:00 0 
7f904be2f000-7f904d767000 ---p 00000000 00:00 0 
7f904d767000-7f904d76f000 rw-p 00000000 00:00 0 
7f904d76f000-7f904d9df000 rwxp 00000000 00:00 0 
7f904d9df000-7f904dd01000 ---p 00000000 00:00 0 
7f904dd01000-7f904e7d1000 rwxp 00000000 00:00 0 
7f904e7d1000-7f9055238000 ---p 00000000 00:00 0 
7f9055238000-7f90554a8000 rwxp 00000000 00:00 0 
7f90554a8000-7f905c76f000 ---p 00000000 00:00 0 
7f905c76f000-7f9064000000 r--s 00000000 00:20 262732                     /usr/java/openjdk/jdk-17.0.1/lib/modules
7f9064000000-7f9064587000 rw-p 00000000 00:00 0 
7f9064587000-7f9068000000 ---p 00000000 00:00 0 
7f9068003000-7f9068008000 r-xp 00000000 00:20 262719                     /usr/java/openjdk/jdk-17.0.1/lib/libmanagement_ext.so
7f9068008000-7f9068009000 ---p 00005000 00:20 262719                     /usr/java/openjdk/jdk-17.0.1/lib/libmanagement_ext.so
7f9068009000-7f906800a000 r--p 00005000 00:20 262719                     /usr/java/openjdk/jdk-17.0.1/lib/libmanagement_ext.so
7f906800a000-7f906800b000 rw-p 00006000 00:20 262719                     /usr/java/openjdk/jdk-17.0.1/lib/libmanagement_ext.so
7f906800b000-7f906800f000 r-xp 00000000 00:20 262717                     /usr/java/openjdk/jdk-17.0.1/lib/libmanagement.so
7f906800f000-7f9068010000 r--p 00003000 00:20 262717                     /usr/java/openjdk/jdk-17.0.1/lib/libmanagement.so
7f9068010000-7f9068011000 rw-p 00004000 00:20 262717                     /usr/java/openjdk/jdk-17.0.1/lib/libmanagement.so
7f9068011000-7f906801e000 r-xp 00000000 00:20 262730                     /usr/java/openjdk/jdk-17.0.1/lib/libverify.so
7f906801e000-7f9068020000 r--p 0000c000 00:20 262730                     /usr/java/openjdk/jdk-17.0.1/lib/libverify.so
7f9068020000-7f9068021000 rw-p 0000e000 00:20 262730                     /usr/java/openjdk/jdk-17.0.1/lib/libverify.so
7f9068021000-7f9068028000 r-xp 00000000 00:20 262731                     /usr/java/openjdk/jdk-17.0.1/lib/libzip.so
7f9068028000-7f9068029000 ---p 00007000 00:20 262731                     /usr/java/openjdk/jdk-17.0.1/lib/libzip.so
7f9068029000-7f906802a000 r--p 00007000 00:20 262731                     /usr/java/openjdk/jdk-17.0.1/lib/libzip.so
7f906802a000-7f906802b000 rw-p 00008000 00:20 262731                     /usr/java/openjdk/jdk-17.0.1/lib/libzip.so
7f906802b000-7f9068040000 r-xp 00000000 00:20 262721                     /usr/java/openjdk/jdk-17.0.1/lib/libnet.so
7f9068040000-7f9068041000 ---p 00015000 00:20 262721                     /usr/java/openjdk/jdk-17.0.1/lib/libnet.so
7f9068041000-7f9068042000 r--p 00015000 00:20 262721                     /usr/java/openjdk/jdk-17.0.1/lib/libnet.so
7f9068042000-7f9068043000 rw-p 00016000 00:20 262721                     /usr/java/openjdk/jdk-17.0.1/lib/libnet.so
7f9068043000-7f9068056000 r-xp 00000000 00:20 262722                     /usr/java/openjdk/jdk-17.0.1/lib/libnio.so
7f9068056000-7f9068057000 r--p 00012000 00:20 262722                     /usr/java/openjdk/jdk-17.0.1/lib/libnio.so
7f9068057000-7f9068058000 rw-p 00013000 00:20 262722                     /usr/java/openjdk/jdk-17.0.1/lib/libnio.so
7f9068058000-7f90684f8000 rw-p 00000000 00:00 0 
7f90684f8000-7f90684f9000 ---p 00000000 00:00 0 
7f90684f9000-7f90685fa000 rw-p 00000000 00:00 0 
7f90685fa000-7f90685fb000 ---p 00000000 00:00 0 
7f90685fb000-7f90686fc000 rw-p 00000000 00:00 0 
7f90686fc000-7f90686fd000 ---p 00000000 00:00 0 
7f90686fd000-7f9068906000 rw-p 00000000 00:00 0 
7f9068906000-7f9068936000 ---p 00000000 00:00 0 
7f9068936000-7f906894e000 rw-p 00000000 00:00 0 
7f906894e000-7f9068a1a000 ---p 00000000 00:00 0 
7f9068a1a000-7f9068a1e000 rw-p 00000000 00:00 0 
7f9068a1e000-7f906a356000 ---p 00000000 00:00 0 
7f906a356000-7f906a371000 rw-p 00000000 00:00 0 
7f906a371000-7f906a377000 ---p 00000000 00:00 0 
7f906a377000-7f906a37a000 rw-p 00000000 00:00 0 
7f906a37a000-7f906a393000 ---p 00000000 00:00 0 
7f906a393000-7f906a394000 rw-p 00000000 00:00 0 
7f906a394000-7f906a6bb000 ---p 00000000 00:00 0 
7f906a6bb000-7f906a6cf000 rw-p 00000000 00:00 0 
7f906a6cf000-7f906a6d5000 ---p 00000000 00:00 0 
7f906a6d5000-7f906a6d8000 rw-p 00000000 00:00 0 
7f906a6d8000-7f906a6f1000 ---p 00000000 00:00 0 
7f906a6f1000-7f906a6f2000 rw-p 00000000 00:00 0 
7f906a6f2000-7f906aa19000 ---p 00000000 00:00 0 
7f906aa19000-7f906aa2d000 rw-p 00000000 00:00 0 
7f906aa2d000-7f906aa33000 ---p 00000000 00:00 0 
7f906aa33000-7f906aa36000 rw-p 00000000 00:00 0 
7f906aa36000-7f906aa4f000 ---p 00000000 00:00 0 
7f906aa4f000-7f906aa50000 rw-p 00000000 00:00 0 
7f906aa50000-7f906ad77000 ---p 00000000 00:00 0 
7f906ad77000-7f906b585000 rw-p 00000000 00:00 0 
7f906b585000-7f906b66b000 ---p 00000000 00:00 0 
7f906b66b000-7f906b681000 rw-p 00000000 00:00 0 
7f906b681000-7f906b756000 ---p 00000000 00:00 0 
7f906b756000-7f906b75b000 rw-p 00000000 00:00 0 
7f906b75b000-7f906b762000 ---p 00000000 00:00 0 
7f906b762000-7f906b786000 r-xp 00000000 00:20 262708                     /usr/java/openjdk/jdk-17.0.1/lib/libjava.so
7f906b786000-7f906b787000 ---p 00024000 00:20 262708                     /usr/java/openjdk/jdk-17.0.1/lib/libjava.so
7f906b787000-7f906b788000 r--p 00024000 00:20 262708                     /usr/java/openjdk/jdk-17.0.1/lib/libjava.so
7f906b788000-7f906b789000 rw-p 00025000 00:20 262708                     /usr/java/openjdk/jdk-17.0.1/lib/libjava.so
7f906b789000-7f906b78a000 rw-p 00000000 00:00 0 
7f906b78a000-7f906b7a5000 r-xp 00000000 00:20 262712                     /usr/java/openjdk/jdk-17.0.1/lib/libjimage.so
7f906b7a5000-7f906b7a6000 ---p 0001b000 00:20 262712                     /usr/java/openjdk/jdk-17.0.1/lib/libjimage.so
7f906b7a6000-7f906b7a8000 r--p 0001b000 00:20 262712                     /usr/java/openjdk/jdk-17.0.1/lib/libjimage.so
7f906b7a8000-7f906b7a9000 rw-p 0001d000 00:20 262712                     /usr/java/openjdk/jdk-17.0.1/lib/libjimage.so
7f906b7a9000-7f906b7ad000 ---p 00000000 00:00 0 
7f906b7ad000-7f906b8a9000 rw-p 00000000 00:00 0 
7f906b8a9000-7f906b8b8000 r--p 00000000 00:20 167444                     /usr/lib64/libm.so.6
7f906b8b8000-7f906b929000 r-xp 0000f000 00:20 167444                     /usr/lib64/libm.so.6
7f906b929000-7f906b983000 r--p 00080000 00:20 167444                     /usr/lib64/libm.so.6
7f906b983000-7f906b984000 r--p 000d9000 00:20 167444                     /usr/lib64/libm.so.6
7f906b984000-7f906b985000 rw-p 000da000 00:20 167444                     /usr/lib64/libm.so.6
7f906b985000-7f906b986000 r--p 00000000 00:20 167451                     /usr/lib64/librt.so.1
7f906b986000-7f906b987000 r-xp 00001000 00:20 167451                     /usr/lib64/librt.so.1
7f906b987000-7f906b988000 r--p 00002000 00:20 167451                     /usr/lib64/librt.so.1
7f906b988000-7f906b989000 r--p 00002000 00:20 167451                     /usr/lib64/librt.so.1
7f906b989000-7f906b98a000 rw-p 00000000 00:00 0 
7f906b98a000-7f906cab1000 r-xp 00000000 00:20 262744                     /usr/java/openjdk/jdk-17.0.1/lib/server/libjvm.so
7f906cab1000-7f906cb66000 r--p 01126000 00:20 262744                     /usr/java/openjdk/jdk-17.0.1/lib/server/libjvm.so
7f906cb66000-7f906cb99000 rw-p 011db000 00:20 262744                     /usr/java/openjdk/jdk-17.0.1/lib/server/libjvm.so
7f906cb99000-7f906cbf5000 rw-p 00000000 00:00 0 
7f906cbf5000-7f906cc21000 r--p 00000000 00:20 167441                     /usr/lib64/libc.so.6
7f906cc21000-7f906cd97000 r-xp 0002c000 00:20 167441                     /usr/lib64/libc.so.6
7f906cd97000-7f906cdeb000 r--p 001a2000 00:20 167441                     /usr/lib64/libc.so.6
7f906cdeb000-7f906cdec000 ---p 001f6000 00:20 167441                     /usr/lib64/libc.so.6
7f906cdec000-7f906cdef000 r--p 001f6000 00:20 167441                     /usr/lib64/libc.so.6
7f906cdef000-7f906cdf2000 rw-p 001f9000 00:20 167441                     /usr/lib64/libc.so.6
7f906cdf2000-7f906cdff000 rw-p 00000000 00:00 0 
7f906cdff000-7f906ce00000 r--p 00000000 00:20 167443                     /usr/lib64/libdl.so.2
7f906ce00000-7f906ce01000 r-xp 00001000 00:20 167443                     /usr/lib64/libdl.so.2
7f906ce01000-7f906ce02000 r--p 00002000 00:20 167443                     /usr/lib64/libdl.so.2
7f906ce02000-7f906ce03000 r--p 00002000 00:20 167443                     /usr/lib64/libdl.so.2
7f906ce03000-7f906ce04000 rw-p 00000000 00:00 0 
7f906ce04000-7f906ce05000 r--p 00000000 00:20 167449                     /usr/lib64/libpthread.so.0
7f906ce05000-7f906ce06000 r-xp 00001000 00:20 167449                     /usr/lib64/libpthread.so.0
7f906ce06000-7f906ce07000 r--p 00002000 00:20 167449                     /usr/lib64/libpthread.so.0
7f906ce07000-7f906ce08000 r--p 00002000 00:20 167449                     /usr/lib64/libpthread.so.0
7f906ce08000-7f906ce09000 rw-p 00000000 00:00 0 
7f906ce09000-7f906ce18000 r-xp 00000000 00:20 262713                     /usr/java/openjdk/jdk-17.0.1/lib/libjli.so
7f906ce18000-7f906ce19000 r--p 0000e000 00:20 262713                     /usr/java/openjdk/jdk-17.0.1/lib/libjli.so
7f906ce19000-7f906ce1a000 rw-p 0000f000 00:20 262713                     /usr/java/openjdk/jdk-17.0.1/lib/libjli.so
7f906ce1a000-7f906ce1d000 r--p 00000000 00:20 31324                      /usr/lib64/libz.so.1.2.11
7f906ce1d000-7f906ce2b000 r-xp 00003000 00:20 31324                      /usr/lib64/libz.so.1.2.11
7f906ce2b000-7f906ce31000 r--p 00011000 00:20 31324                      /usr/lib64/libz.so.1.2.11
7f906ce31000-7f906ce32000 ---p 00017000 00:20 31324                      /usr/lib64/libz.so.1.2.11
7f906ce32000-7f906ce33000 r--p 00017000 00:20 31324                      /usr/lib64/libz.so.1.2.11
7f906ce33000-7f906ce34000 rw-p 00000000 00:00 0 
7f906ce34000-7f906ce36000 r-xp 00000000 00:20 262701                     /usr/java/openjdk/jdk-17.0.1/lib/libextnet.so
7f906ce36000-7f906ce37000 r--p 00001000 00:20 262701                     /usr/java/openjdk/jdk-17.0.1/lib/libextnet.so
7f906ce37000-7f906ce38000 rw-p 00002000 00:20 262701                     /usr/java/openjdk/jdk-17.0.1/lib/libextnet.so
7f906ce38000-7f906ce40000 rw-s 00000000 00:27 243                        /tmp/hsperfdata_domenicolorenti/15434
7f906ce40000-7f906ce41000 ---p 00000000 00:00 0 
7f906ce41000-7f906ce42000 r--p 00000000 00:00 0 
7f906ce42000-7f906ce43000 ---p 00000000 00:00 0 
7f906ce43000-7f906ce45000 rw-p 00000000 00:00 0 
7f906ce45000-7f906ce46000 r--p 00000000 00:20 167437                     /usr/lib64/ld-linux-x86-64.so.2
7f906ce46000-7f906ce6c000 r-xp 00001000 00:20 167437                     /usr/lib64/ld-linux-x86-64.so.2
7f906ce6c000-7f906ce76000 r--p 00027000 00:20 167437                     /usr/lib64/ld-linux-x86-64.so.2
7f906ce76000-7f906ce78000 r--p 00030000 00:20 167437                     /usr/lib64/ld-linux-x86-64.so.2
7f906ce78000-7f906ce7a000 rw-p 00032000 00:20 167437                     /usr/lib64/ld-linux-x86-64.so.2
7ffd47343000-7ffd47366000 rw-p 00000000 00:00 0                          [stack]
7ffd473e6000-7ffd473ea000 r--p 00000000 00:00 0                          [vvar]
7ffd473ea000-7ffd473ec000 r-xp 00000000 00:00 0                          [vdso]
ffffffffff600000-ffffffffff601000 r-xp 00000000 00:00 0                  [vsyscall]


VM Arguments:
jvm_args: -Dfile.encoding=UTF-8 -XX:+ShowCodeDetailsInExceptionMessages 
java_command: com.directbus.DirectBusApplication
java_class_path (initial): /home/domenicolorenti/Documents/GitHub/Directbus/target/classes:/home/domenicolorenti/Documents/GitHub/Directbus/target/test-classes:/home/domenicolorenti/.m2/repository/org/springframework/boot/spring-boot-starter-web/2.6.2/spring-boot-starter-web-2.6.2.jar:/home/domenicolorenti/.m2/repository/org/springframework/boot/spring-boot-starter/2.6.2/spring-boot-starter-2.6.2.jar:/home/domenicolorenti/.m2/repository/org/springframework/boot/spring-boot-starter-logging/2.6.2/spring-boot-starter-logging-2.6.2.jar:/home/domenicolorenti/.m2/repository/ch/qos/logback/logback-classic/1.2.9/logback-classic-1.2.9.jar:/home/domenicolorenti/.m2/repository/ch/qos/logback/logback-core/1.2.9/logback-core-1.2.9.jar:/home/domenicolorenti/.m2/repository/org/apache/logging/log4j/log4j-to-slf4j/2.17.0/log4j-to-slf4j-2.17.0.jar:/home/domenicolorenti/.m2/repository/org/apache/logging/log4j/log4j-api/2.17.0/log4j-api-2.17.0.jar:/home/domenicolorenti/.m2/repository/org/slf4j/jul-to-slf4j/1.7.32/jul-to-slf4j-1.7.32.jar:/home/domenicolorenti/.m2/repository/jakarta/annotation/jakarta.annotation-api/1.3.5/jakarta.annotation-api-1.3.5.jar:/home/domenicolorenti/.m2/repository/org/yaml/snakeyaml/1.29/snakeyaml-1.29.jar:/home/domenicolorenti/.m2/repository/org/springframework/boot/spring-boot-starter-json/2.6.2/spring-boot-starter-json-2.6.2.jar:/home/domenicolorenti/.m2/repository/com/fasterxml/jackson/core/jackson-databind/2.13.1/jackson-databind-2.13.1.jar:/home/domenicolorenti/.m2/repository/com/fasterxml/jackson/core/jackson-annotations/2.13.1/jackson-annotations-2.13.1.jar:/home/domenicolorenti/.m2/repository/com/fasterxml/jackson/core/jackson-core/2.13.1/jackson-core-2.13.1.jar:/home/domenicolorenti/.m2/repository/com/fasterxml/jackson/datatype/jackson-datatype-jdk8/2.13.1/jackson-datatype-jdk8-2.13.1.jar:/home/domenicolorenti/.m2/repository/com/fasterxml/jackson/datatype/jackson-datatype-jsr310/2.13.1/jackson-datatype-jsr310-2.13.1.jar:/home/domenicolorenti/.m2/rep
Launcher Type: SUN_STANDARD

[Global flags]
     intx CICompilerCount                          = 4                                         {product} {ergonomic}
     uint ConcGCThreads                            = 2                                         {product} {ergonomic}
     uint G1ConcRefinementThreads                  = 8                                         {product} {ergonomic}
   size_t G1HeapRegionSize                         = 1048576                                   {product} {ergonomic}
    uintx GCDrainStackTargetSize                   = 64                                        {product} {ergonomic}
   size_t InitialHeapSize                          = 113246208                                 {product} {ergonomic}
   size_t MarkStackSize                            = 4194304                                   {product} {ergonomic}
   size_t MaxHeapSize                              = 1807745024                                {product} {ergonomic}
   size_t MaxNewSize                               = 1084227584                                {product} {ergonomic}
   size_t MinHeapDeltaBytes                        = 1048576                                   {product} {ergonomic}
   size_t MinHeapSize                              = 8388608                                   {product} {ergonomic}
    uintx NonNMethodCodeHeapSize                   = 5839372                                {pd product} {ergonomic}
    uintx NonProfiledCodeHeapSize                  = 122909434                              {pd product} {ergonomic}
    uintx ProfiledCodeHeapSize                     = 122909434                              {pd product} {ergonomic}
    uintx ReservedCodeCacheSize                    = 251658240                              {pd product} {ergonomic}
     bool SegmentedCodeCache                       = true                                      {product} {ergonomic}
     bool ShowCodeDetailsInExceptionMessages       = true                                   {manageable} {command line}
   size_t SoftMaxHeapSize                          = 1807745024                             {manageable} {ergonomic}
     bool UseCompressedClassPointers               = true                           {product lp64_product} {ergonomic}
     bool UseCompressedOops                        = true                           {product lp64_product} {ergonomic}
     bool UseG1GC                                  = true                                      {product} {ergonomic}

Logging:
Log output configuration:
 #0: stdout all=warning uptime,level,tags
 #1: stderr all=off uptime,level,tags

Environment Variables:
JAVA_HOME=/usr/java/openjdk/jdk-17.0.1
PATH=/home/domenicolorenti/.local/bin:/home/domenicolorenti/bin:/usr/local/bin:/usr/local/sbin:/usr/bin:/usr/sbin:/home/domenicolorenti/bin:/usr/java/openjdk/jdk-17.0.1/bin
USERNAME=domenicolorenti
SHELL=/bin/bash
DISPLAY=:0
LANG=en_US.UTF-8

Signal Handlers:
   SIGSEGV: crash_handler in libjvm.so, mask=11100100010111111101111111111110, flags=SA_RESTART|SA_SIGINFO
    SIGBUS: crash_handler in libjvm.so, mask=11100100010111111101111111111110, flags=SA_RESTART|SA_SIGINFO
    SIGFPE: crash_handler in libjvm.so, mask=11100100010111111101111111111110, flags=SA_RESTART|SA_SIGINFO
   SIGPIPE: javaSignalHandler in libjvm.so, mask=11100100010111111101111111111110, flags=SA_RESTART|SA_SIGINFO
   SIGXFSZ: javaSignalHandler in libjvm.so, mask=11100100010111111101111111111110, flags=SA_RESTART|SA_SIGINFO
    SIGILL: crash_handler in libjvm.so, mask=11100100010111111101111111111110, flags=SA_RESTART|SA_SIGINFO
   SIGUSR2: SR_handler in libjvm.so, mask=00100000000000000000000000000000, flags=SA_RESTART|SA_SIGINFO
    SIGHUP: UserHandler in libjvm.so, mask=11100100010111111101111111111110, flags=SA_RESTART|SA_SIGINFO
    SIGINT: UserHandler in libjvm.so, mask=11100100010111111101111111111110, flags=SA_RESTART|SA_SIGINFO
   SIGTERM: UserHandler in libjvm.so, mask=11100100010111111101111111111110, flags=SA_RESTART|SA_SIGINFO
   SIGQUIT: UserHandler in libjvm.so, mask=11100100010111111101111111111110, flags=SA_RESTART|SA_SIGINFO
   SIGTRAP: crash_handler in libjvm.so, mask=11100100010111111101111111111110, flags=SA_RESTART|SA_SIGINFO


---------------  S Y S T E M  ---------------

OS:
Fedora release 35 (Thirty Five)
uname: Linux 5.15.12-200.fc35.x86_64 #1 SMP Wed Dec 29 15:03:38 UTC 2021 x86_64
OS uptime: 0 days 2:12 hours
libc: glibc 2.34 NPTL 2.34 
rlimit (soft/hard): STACK 8192k/infinity , CORE infinity/infinity , NPROC 27113/27113 , NOFILE 524288/524288 , AS infinity/infinity , CPU infinity/infinity , DATA infinity/infinity , FSIZE infinity/infinity , MEMLOCK 64k/64k
load average: 0.39 0.94 1.03

/proc/meminfo:
MemTotal:        7060544 kB
MemFree:         2423216 kB
MemAvailable:    3350116 kB
Buffers:             140 kB
Cached:          1158336 kB
SwapCached:         4088 kB
Active:           900284 kB
Inactive:        2309408 kB
Active(anon):     640552 kB
Inactive(anon):  1466892 kB
Active(file):     259732 kB
Inactive(file):   842516 kB
Unevictable:        5824 kB
Mlocked:            5824 kB
SwapTotal:       7060476 kB
SwapFree:        4826364 kB
Dirty:              1708 kB
Writeback:             0 kB
AnonPages:       2054236 kB
Mapped:           380040 kB
Shmem:             52888 kB
KReclaimable:      88580 kB
Slab:             257072 kB
SReclaimable:      88580 kB
SUnreclaim:       168492 kB
KernelStack:       25600 kB
PageTables:        49788 kB
NFS_Unstable:          0 kB
Bounce:                0 kB
WritebackTmp:          0 kB
CommitLimit:    10590748 kB
Committed_AS:   11612644 kB
VmallocTotal:   34359738367 kB
VmallocUsed:       85396 kB
VmallocChunk:          0 kB
Percpu:            18752 kB
HardwareCorrupted:     0 kB
AnonHugePages:         0 kB
ShmemHugePages:        0 kB
ShmemPmdMapped:        0 kB
FileHugePages:         0 kB
FilePmdMapped:         0 kB
CmaTotal:              0 kB
CmaFree:               0 kB
HugePages_Total:       0
HugePages_Free:        0
HugePages_Rsvd:        0
HugePages_Surp:        0
Hugepagesize:       2048 kB
Hugetlb:               0 kB
DirectMap4k:      616408 kB
DirectMap2M:     5574656 kB
DirectMap1G:     1048576 kB

/sys/kernel/mm/transparent_hugepage/enabled: always [madvise] never
/sys/kernel/mm/transparent_hugepage/defrag (defrag/compaction efforts parameter): always defer defer+madvise [madvise] never

Process Memory:
Virtual Size: 6526300K (peak: 6526300K)
Resident Set Size: 163756K (peak: 205140K) (anon: 140228K, file: 23496K, shmem: 32K)
Swapped out: 38224K
C-Heap outstanding allocations: 48160K

/proc/sys/kernel/threads-max (system-wide limit on the number of threads): 54226
/proc/sys/vm/max_map_count (maximum number of memory map areas a process may have): 65530
/proc/sys/kernel/pid_max (system-wide limit on number of process identifiers): 4194304

container (cgroup) information:
container_type: cgroupv2
cpu_cpuset_cpus: not supported
cpu_memory_nodes: not supported
active_processor_count: 8
cpu_quota: no quota
cpu_period: 100000
cpu_shares: no shares
memory_limit_in_bytes: unlimited
memory_and_swap_limit_in_bytes: unlimited
memory_soft_limit_in_bytes: unlimited
memory_usage_in_bytes: 1161068544
memory_max_usage_in_bytes: not supported

Steal ticks since vm start: 0
Steal ticks percentage since vm start:  0.000

CPU: total 8 (initial active 8) (8 cores per cpu, 2 threads per core) family 23 model 17 stepping 0 microcode 0x8101007, cx8, cmov, fxsr, ht, mmx, 3dnowpref, sse, sse2, sse3, ssse3, sse4a, sse4.1, sse4.2, popcnt, lzcnt, tsc, tscinvbit, avx, avx2, aes, clmul, bmi1, bmi2, adx, sha, fma, vzeroupper, clflush, clflushopt
CPU Model and flags from /proc/cpuinfo:
model name	: AMD Ryzen 5 2500U with Radeon Vega Mobile Gfx
flags		: fpu vme de pse tsc msr pae mce cx8 apic sep mtrr pge mca cmov pat pse36 clflush mmx fxsr sse sse2 ht syscall nx mmxext fxsr_opt pdpe1gb rdtscp lm constant_tsc rep_good nopl nonstop_tsc cpuid extd_apicid aperfmperf rapl pni pclmulqdq monitor ssse3 fma cx16 sse4_1 sse4_2 movbe popcnt aes xsave avx f16c rdrand lahf_lm cmp_legacy svm extapic cr8_legacy abm sse4a misalignsse 3dnowprefetch osvw skinit wdt tce topoext perfctr_core perfctr_nb bpext perfctr_llc mwaitx cpb hw_pstate ssbd ibpb vmmcall fsgsbase bmi1 avx2 smep bmi2 rdseed adx smap clflushopt sha_ni xsaveopt xsavec xgetbv1 xsaves clzero irperf xsaveerptr arat npt lbrv svm_lock nrip_save tsc_scale vmcb_clean flushbyasid decodeassists pausefilter pfthreshold avic v_vmsave_vmload vgif overflow_recov succor smca sme sev sev_es

Online cpus: 0-7
Offline cpus: 8-15
BIOS frequency limitation: 2000000
Frequency switch latency (ns): 0
Available cpu frequencies: 2000000 1700000 1600000 
Current governor: schedutil
Core performance/turbo boost: 1

Memory: 4k page, physical 7060544k(2419688k free), swap 7060476k(4826620k free)
Page Sizes: 4k

vm_info: OpenJDK 64-Bit Server VM (17.0.1+12-39) for linux-amd64 JRE (17.0.1+12-39), built on Sep 27 2021 17:31:13 by "mach5one" with gcc 10.3.0

END.
